#
# There is insufficient memory for the Java Runtime Environment to continue.
# Native memory allocation (mmap) failed to map 234881024 bytes for G1 virtual space
# Possible reasons:
#   The system is out of physical RAM or swap space
#   The process is running with CompressedOops enabled, and the Java Heap may be blocking the growth of the native heap
# Possible solutions:
#   Reduce memory load on the system
#   Increase physical memory or swap space
#   Check if swap backing store is full
#   Decrease Java heap size (-Xmx/-Xms)
#   Decrease number of Java threads
#   Decrease Java thread stack sizes (-Xss)
#   Set larger code cache with -XX:ReservedCodeCacheSize=
#   JVM is running with Zero Based Compressed Oops mode in which the Java heap is
#     placed in the first 32GB address space. The Java Heap base address is the
#     maximum limit for the native heap growth. Please use -XX:HeapBaseMinAddress
#     to set the Java Heap base and to place the Java Heap above 32GB virtual address.
# This output file may be truncated or incomplete.
#
#  Out of Memory Error (os_windows.cpp:3600), pid=8224, tid=12124
#
# JRE version:  (21.0.4+8) (build )
# Java VM: Java HotSpot(TM) 64-Bit Server VM (21.0.4+8-LTS-274, mixed mode, sharing, tiered, compressed oops, compressed class ptrs, g1 gc, windows-amd64)
# No core dump will be written. Minidumps are not enabled by default on client versions of Windows
#

---------------  S U M M A R Y ------------

Command Line: -javaagent:C:\Program Files\JetBrains\IntelliJ IDEA Community Edition 2023.1.2\lib\idea_rt.jar=61032:C:\Program Files\JetBrains\IntelliJ IDEA Community Edition 2023.1.2\bin -Dfile.encoding=UTF-8 -Dsun.stdout.encoding=UTF-8 -Dsun.stderr.encoding=UTF-8 com.controlu.backend.BackendApplication

Host: AMD Ryzen 5 4600G with Radeon Graphics, 12 cores, 13G,  Windows 10 , 64 bit Build 19041 (10.0.19041.4957)
Time: Sat Oct 19 23:18:12 2024 Hora oficial do Brasil elapsed time: 0.015027 seconds (0d 0h 0m 0s)

---------------  T H R E A D  ---------------

Current thread (0x00000235e321e6b0):  JavaThread "Unknown thread" [_thread_in_vm, id=12124, stack(0x000000ad51400000,0x000000ad51500000) (1024K)]

Stack: [0x000000ad51400000,0x000000ad51500000]
Native frames: (J=compiled Java code, j=interpreted, Vv=VM code, C=native code)
V  [jvm.dll+0x6c8e59]
V  [jvm.dll+0x853181]
V  [jvm.dll+0x8556ae]
V  [jvm.dll+0x855d83]
V  [jvm.dll+0x27d526]
V  [jvm.dll+0x6c55f5]
V  [jvm.dll+0x6ba17a]
V  [jvm.dll+0x352a8a]
V  [jvm.dll+0x35a6e6]
V  [jvm.dll+0x3acdae]
V  [jvm.dll+0x3ad058]
V  [jvm.dll+0x326dec]
V  [jvm.dll+0x32794b]
V  [jvm.dll+0x81c569]
V  [jvm.dll+0x3b9a11]
V  [jvm.dll+0x805948]
V  [jvm.dll+0x44ec5e]
V  [jvm.dll+0x450851]
C  [jli.dll+0x52a3]
C  [ucrtbase.dll+0x21bb2]
C  [KERNEL32.DLL+0x17374]
C  [ntdll.dll+0x4cc91]


---------------  P R O C E S S  ---------------

Threads class SMR info:
_java_thread_list=0x00007ff9fc326c08, length=0, elements={
}

Java Threads: ( => current thread )
Total: 0

Other Threads:
  0x00000235e327d450 WorkerThread "GC Thread#0"                     [id=16768, stack(0x000000ad51500000,0x000000ad51600000) (1024K)]
  0x00000235e328ddb0 ConcurrentGCThread "G1 Main Marker"            [id=15628, stack(0x000000ad51600000,0x000000ad51700000) (1024K)]
  0x00000235e328e970 WorkerThread "G1 Conc#0"                       [id=14264, stack(0x000000ad51700000,0x000000ad51800000) (1024K)]

[error occurred during error reporting (printing all threads), id 0xc0000005, EXCEPTION_ACCESS_VIOLATION (0xc0000005) at pc=0x00007ff9fba99577]
VM state: not at safepoint (not fully initialized)

VM Mutex/Monitor currently owned by a thread:  ([mutex/lock_event])
[0x00007ff9fc397f98] Heap_lock - owner thread: 0x00000235e321e6b0

Heap address: 0x0000000721a00000, size: 3558 MB, Compressed Oops mode: Zero based, Oop shift amount: 3

CDS archive(s) mapped at: [0x0000000000000000-0x0000000000000000-0x0000000000000000), size 0, SharedBaseAddress: 0x0000000800000000, ArchiveRelocationMode: 1.
Narrow klass base: 0x0000000000000000, Narrow klass shift: 0, Narrow klass range: 0x0

GC Precious Log:
 CardTable entry size: 512
 Card Set container configuration: InlinePtr #cards 4 size 8 Array Of Cards #cards 16 size 48 Howl #buckets 8 coarsen threshold 3686 Howl Bitmap #cards 512 size 80 coarsen threshold 460 Card regions per heap region 1 cards per card region 4096

Heap:
 garbage-first heap   total 0K, used 0K [0x0000000721a00000, 0x0000000800000000)
  region size 2048K, 0 young (0K), 0 survivors (0K)

[error occurred during error reporting (printing heap information), id 0xc0000005, EXCEPTION_ACCESS_VIOLATION (0xc0000005) at pc=0x00007ff9fbe81df9]
GC Heap History (0 events):
No events

Dll operation events (1 events):
Event: 0.009 Loaded shared library C:\Program Files\Java\jdk-21.0.4\bin\java.dll

Deoptimization events (0 events):
No events

Classes loaded (0 events):
No events

Classes unloaded (0 events):
No events

Classes redefined (0 events):
No events

Internal exceptions (0 events):
No events

ZGC Phase Switch (0 events):
No events

VM Operations (0 events):
No events

Events (0 events):
No events


Dynamic libraries:
0x00007ff69a930000 - 0x00007ff69a940000 	C:\Program Files\Java\jdk-21.0.4\bin\java.exe
0x00007ffa2f690000 - 0x00007ffa2f888000 	C:\Windows\SYSTEM32\ntdll.dll
0x00007ffa2e500000 - 0x00007ffa2e5c2000 	C:\Windows\System32\KERNEL32.DLL
0x00007ffa2cd30000 - 0x00007ffa2d02e000 	C:\Windows\System32\KERNELBASE.dll
0x00007ffa2d170000 - 0x00007ffa2d270000 	C:\Windows\System32\ucrtbase.dll
0x00007ffa11380000 - 0x00007ffa1139b000 	C:\Program Files\Java\jdk-21.0.4\bin\VCRUNTIME140.dll
0x00007ffa10fe0000 - 0x00007ffa10ff9000 	C:\Program Files\Java\jdk-21.0.4\bin\jli.dll
0x00007ffa2e770000 - 0x00007ffa2e822000 	C:\Windows\System32\ADVAPI32.dll
0x00007ffa2e990000 - 0x00007ffa2ea2e000 	C:\Windows\System32\msvcrt.dll
0x00007ffa2e840000 - 0x00007ffa2e8e0000 	C:\Windows\System32\sechost.dll
0x00007ffa2f520000 - 0x00007ffa2f643000 	C:\Windows\System32\RPCRT4.dll
0x00007ffa2d030000 - 0x00007ffa2d057000 	C:\Windows\System32\bcrypt.dll
0x00007ffa2e5d0000 - 0x00007ffa2e76d000 	C:\Windows\System32\USER32.dll
0x00007ffa2d0f0000 - 0x00007ffa2d112000 	C:\Windows\System32\win32u.dll
0x00007ffa17d20000 - 0x00007ffa17fba000 	C:\Windows\WinSxS\amd64_microsoft.windows.common-controls_6595b64144ccf1df_6.0.19041.4355_none_60b8b9eb71f62e16\COMCTL32.dll
0x00007ffa2f3d0000 - 0x00007ffa2f3fb000 	C:\Windows\System32\GDI32.dll
0x00007ffa2d590000 - 0x00007ffa2d6a7000 	C:\Windows\System32\gdi32full.dll
0x00007ffa2d480000 - 0x00007ffa2d51d000 	C:\Windows\System32\msvcp_win.dll
0x00007ffa24e10000 - 0x00007ffa24e1a000 	C:\Windows\SYSTEM32\VERSION.dll
0x00007ffa2ec00000 - 0x00007ffa2ec2f000 	C:\Windows\System32\IMM32.DLL
0x00007ffa12420000 - 0x00007ffa1242c000 	C:\Program Files\Java\jdk-21.0.4\bin\vcruntime140_1.dll
0x00007ffa02a20000 - 0x00007ffa02aae000 	C:\Program Files\Java\jdk-21.0.4\bin\msvcp140.dll
0x00007ff9fb760000 - 0x00007ff9fc473000 	C:\Program Files\Java\jdk-21.0.4\bin\server\jvm.dll
0x00007ffa2ea40000 - 0x00007ffa2eaab000 	C:\Windows\System32\WS2_32.dll
0x00007ffa2c8c0000 - 0x00007ffa2c90b000 	C:\Windows\SYSTEM32\POWRPROF.dll
0x00007ffa21ad0000 - 0x00007ffa21af7000 	C:\Windows\SYSTEM32\WINMM.dll
0x00007ffa2c880000 - 0x00007ffa2c892000 	C:\Windows\SYSTEM32\UMPDC.dll
0x00007ffa2ab90000 - 0x00007ffa2aba2000 	C:\Windows\SYSTEM32\kernel.appcore.dll
0x00007ffa11100000 - 0x00007ffa1110a000 	C:\Program Files\Java\jdk-21.0.4\bin\jimage.dll
0x00007ffa25620000 - 0x00007ffa25804000 	C:\Windows\SYSTEM32\DBGHELP.DLL
0x00007ffa18f30000 - 0x00007ffa18f64000 	C:\Windows\SYSTEM32\dbgcore.DLL
0x00007ffa2d060000 - 0x00007ffa2d0e2000 	C:\Windows\System32\bcryptPrimitives.dll
0x00007ffa29380000 - 0x00007ffa2938f000 	C:\Program Files\Java\jdk-21.0.4\bin\instrument.dll
0x00007ffa0ef70000 - 0x00007ffa0ef8f000 	C:\Program Files\Java\jdk-21.0.4\bin\java.dll

dbghelp: loaded successfully - version: 4.0.5 - missing functions: none
symbol engine: initialized successfully - sym options: 0x614 - pdb path: .;C:\Program Files\Java\jdk-21.0.4\bin;C:\Windows\SYSTEM32;C:\Windows\WinSxS\amd64_microsoft.windows.common-controls_6595b64144ccf1df_6.0.19041.4355_none_60b8b9eb71f62e16;C:\Program Files\Java\jdk-21.0.4\bin\server

VM Arguments:
jvm_args: -javaagent:C:\Program Files\JetBrains\IntelliJ IDEA Community Edition 2023.1.2\lib\idea_rt.jar=61032:C:\Program Files\JetBrains\IntelliJ IDEA Community Edition 2023.1.2\bin -Dfile.encoding=UTF-8 -Dsun.stdout.encoding=UTF-8 -Dsun.stderr.encoding=UTF-8 
java_command: com.controlu.backend.BackendApplication
java_class_path (initial): C:\Users\Rafa Oliveira\Documents\GitHub\fatec\control-u\server\backend\target\classes;C:\Users\Rafa Oliveira\.m2\repository\org\springframework\boot\spring-boot-starter-data-jpa\3.3.2\spring-boot-starter-data-jpa-3.3.2.jar;C:\Users\Rafa Oliveira\.m2\repository\org\springframework\boot\spring-boot-starter-aop\3.3.2\spring-boot-starter-aop-3.3.2.jar;C:\Users\Rafa Oliveira\.m2\repository\org\aspectj\aspectjweaver\1.9.22.1\aspectjweaver-1.9.22.1.jar;C:\Users\Rafa Oliveira\.m2\repository\org\springframework\boot\spring-boot-starter-jdbc\3.3.2\spring-boot-starter-jdbc-3.3.2.jar;C:\Users\Rafa Oliveira\.m2\repository\com\zaxxer\HikariCP\5.1.0\HikariCP-5.1.0.jar;C:\Users\Rafa Oliveira\.m2\repository\org\springframework\spring-jdbc\6.1.11\spring-jdbc-6.1.11.jar;C:\Users\Rafa Oliveira\.m2\repository\org\hibernate\orm\hibernate-core\6.5.2.Final\hibernate-core-6.5.2.Final.jar;C:\Users\Rafa Oliveira\.m2\repository\jakarta\persistence\jakarta.persistence-api\3.1.0\jakarta.persistence-api-3.1.0.jar;C:\Users\Rafa Oliveira\.m2\repository\jakarta\transaction\jakarta.transaction-api\2.0.1\jakarta.transaction-api-2.0.1.jar;C:\Users\Rafa Oliveira\.m2\repository\org\jboss\logging\jboss-logging\3.5.3.Final\jboss-logging-3.5.3.Final.jar;C:\Users\Rafa Oliveira\.m2\repository\org\hibernate\common\hibernate-commons-annotations\6.0.6.Final\hibernate-commons-annotations-6.0.6.Final.jar;C:\Users\Rafa Oliveira\.m2\repository\io\smallrye\jandex\3.1.2\jandex-3.1.2.jar;C:\Users\Rafa Oliveira\.m2\repository\com\fasterxml\classmate\1.7.0\classmate-1.7.0.jar;C:\Users\Rafa Oliveira\.m2\repository\net\bytebuddy\byte-buddy\1.14.18\byte-buddy-1.14.18.jar;C:\Users\Rafa Oliveira\.m2\repository\org\glassfish\jaxb\jaxb-runtime\4.0.5\jaxb-runtime-4.0.5.jar;C:\Users\Rafa Oliveira\.m2\repository\org\glassfish\jaxb\jaxb-core\4.0.5\jaxb-core-4.0.5.jar;C:\Users\Rafa Oliveira\.m2\repository\org\eclipse\angus\angus-activation\2.0.2\angus-activation-2.0.2.jar;C:\Users\Rafa Oliveira\.m2\repository\org\glassfish\jaxb\txw2\4.0.5\txw2-4.0.5.jar;C:\Users\Rafa Oliveira\.m2\repository\com\sun\istack\istack-commons-runtime\4.1.2\istack-commons-runtime-4.1.2.jar;C:\Users\Rafa Oliveira\.m2\repository\jakarta\inject\jakarta.inject-api\2.0.1\jakarta.inject-api-2.0.1.jar;C:\Users\Rafa Oliveira\.m2\repository\org\antlr\antlr4-runtime\4.13.0\antlr4-runtime-4.13.0.jar;C:\Users\Rafa Oliveira\.m2\repository\org\springframework\data\spring-data-jpa\3.3.2\spring-data-jpa-3.3.2.jar;C:\Users\Rafa Oliveira\.m2\repository\org\springframework\data\spring-data-commons\3.3.2\spring-data-commons-3.3.2.jar;C:\Users\Rafa Oliveira\.m2\repository\org\springframework\spring-orm\6.1.11\spring-orm-6.1.11.jar;C:\Users\Rafa Oliveira\.m2\repository\org\springframework\spring-tx\6.1.11\spring-tx-6.1.11.jar;C:\Users\Rafa Oliveira\.m2\repository\jakarta\annotation\jakarta.annotation-api\2.1.1\jakarta.annotation-api-2.1.1.jar;C:\Users\Rafa Oliveira\.m2\repository\org\springframework\spring-aspects\6.1.11\spring-aspects-6.1.11.jar;C:\Users\Rafa Oliveira\.m2\repository\org\springframework\boot\spring-boot-starter-web\3.3.2\spring-boot-starter-web-3.3.2.jar;C:\Users\Rafa Oliveira\.m2\repository\org\springframework\boot\spring-boot-starter\3.3.2\spring-boot-starter-3.3.2.jar;C:\Users\Rafa Oliveira\.m2\repository\org\springframework\boot\spring-boot-starter-logging\3.3.2\spring-boot-starter-logging-3.3.2.jar;C:\Users\Rafa Oliveira\.m2\repository\ch\qos\logback\logback-classic\1.5.6\logback-classic-1.5.6.jar;C:\Users\Rafa Oliveira\.m2\repository\ch\qos\logback\logback-core\1.5.6\logback-core-1.5.6.jar;C:\Users\Rafa Oliveira\.m2\repository\org\apache\logging\log4j\log4j-to-slf4j\2.23.1\log4j-to-slf4j-2.23.1.jar;C:\Users\Rafa Oliveira\.m2\repository\org\apache\logging\log4j\log4j-api\2.23.1\log4j-api-2.23.1.jar;C:\Users\Rafa Oliveira\.m2\repository\org\slf4j\jul-to-slf4j\2.0.13\jul-to-slf4j-2.0.13.jar;C:\Users\Rafa Oliveira\.m2\repository\org\yaml\snakeyaml\2.2\snakeyaml-2.2.jar;C:\Users\Rafa Oliveira\.m2\repository\org\springframework\boot\spring-boot-starter-json\3.3.2\spring-boot-starter-json-3.3.2.jar;C:\Users\Rafa Oliveira\.m2\repository\com\fasterxml\jackson\datatype\jackson-datatype-jdk8\2.17.2\jackson-datatype-jdk8-2.17.2.jar;C:\Users\Rafa Oliveira\.m2\repository\com\fasterxml\jackson\datatype\jackson-datatype-jsr310\2.17.2\jackson-datatype-jsr310-2.17.2.jar;C:\Users\Rafa Oliveira\.m2\repository\com\fasterxml\jackson\module\jackson-module-parameter-names\2.17.2\jackson-module-parameter-names-2.17.2.jar;C:\Users\Rafa Oliveira\.m2\repository\org\springframework\boot\spring-boot-starter-tomcat\3.3.2\spring-boot-starter-tomcat-3.3.2.jar;C:\Users\Rafa Oliveira\.m2\repository\org\apache\tomcat\embed\tomcat-embed-core\10.1.26\tomcat-embed-core-10.1.26.jar;C:\Users\Rafa Oliveira\.m2\repository\org\apache\tomcat\embed\tomcat-embed-el\10.1.26\tomcat-embed-el-10.1.26.jar;C:\Users\Rafa Oliveira\.m2\repository\org\apache\tomcat\embed\tomcat-embed-websocket\10.1.26\tomcat-embed-websocket-10.1.26.jar;C:\Users\Rafa Oliveira\.m2\repository\org\springframework\spring-web\6.1.11\spring-web-6.1.11.jar;C:\Users\Rafa Oliveira\.m2\repository\io\micrometer\micrometer-observation\1.13.2\micrometer-observation-1.13.2.jar;C:\Users\Rafa Oliveira\.m2\repository\io\micrometer\micrometer-commons\1.13.2\micrometer-commons-1.13.2.jar;C:\Users\Rafa Oliveira\.m2\repository\org\springframework\spring-webmvc\6.1.11\spring-webmvc-6.1.11.jar;C:\Users\Rafa Oliveira\.m2\repository\org\springframework\spring-expression\6.1.11\spring-expression-6.1.11.jar;C:\Users\Rafa Oliveira\.m2\repository\org\springframework\boot\spring-boot-devtools\3.3.2\spring-boot-devtools-3.3.2.jar;C:\Users\Rafa Oliveira\.m2\repository\org\springframework\boot\spring-boot\3.3.2\spring-boot-3.3.2.jar;C:\Users\Rafa Oliveira\.m2\repository\org\springframework\boot\spring-boot-autoconfigure\3.3.2\spring-boot-autoconfigure-3.3.2.jar;C:\Users\Rafa Oliveira\.m2\repository\com\jayway\jsonpath\json-path\2.9.0\json-path-2.9.0.jar;C:\Users\Rafa Oliveira\.m2\repository\jakarta\xml\bind\jakarta.xml.bind-api\4.0.2\jakarta.xml.bind-api-4.0.2.jar;C:\Users\Rafa Oliveira\.m2\repository\jakarta\activation\jakarta.activation-api\2.1.3\jakarta.activation-api-2.1.3.jar;C:\Users\Rafa Oliveira\.m2\repository\net\minidev\json-smart\2.5.1\json-smart-2.5.1.jar;C:\Users\Rafa Oliveira\.m2\repository\net\minidev\accessors-smart\2.5.1\accessors-smart-2.5.1.jar;C:\Users\Rafa Oliveira\.m2\repository\org\ow2\asm\asm\9.6\asm-9.6.jar;C:\Users\Rafa Oliveira\.m2\repository\org\springframework\spring-core\6.1.11\spring-core-6.1.11.jar;C:\Users\Rafa Oliveira\.m2\repository\org\springframework\spring-jcl\6.1.11\spring-jcl-6.1.11.jar;C:\Users\Rafa Oliveira\.m2\repository\org\springframework\hateoas\spring-hateoas\2.3.1\spring-hateoas-2.3.1.jar;C:\Users\Rafa Oliveira\.m2\repository\org\springframework\spring-aop\6.1.11\spring-aop-6.1.11.jar;C:\Users\Rafa Oliveira\.m2\repository\org\springframework\spring-beans\6.1.11\spring-beans-6.1.11.jar;C:\Users\Rafa Oliveira\.m2\repository\org\springframework\spring-context\6.1.11\spring-context-6.1.11.jar;C:\Users\Rafa Oliveira\.m2\repository\org\springframework\plugin\spring-plugin-core\3.0.0\spring-plugin-core-3.0.0.jar;C:\Users\Rafa Oliveira\.m2\repository\org\slf4j\slf4j-api\2.0.13\slf4j-api-2.0.13.jar;C:\Users\Rafa Oliveira\.m2\repository\org\springframework\boot\spring-boot-starter-security\3.3.2\spring-boot-starter-security-3.3.2.jar;C:\Users\Rafa Oliveira\.m2\repository\org\springframework\security\spring-security-config\6.3.1\spring-security-config-6.3.1.jar;C:\Users\Rafa Oliveira\.m2\repository\org\springframework\security\spring-security-core\6.3.1\spring-security-core-6.3.1.jar;C:\Users\Rafa Oliveira\.m2\repository\org\springframework\security\spring-security-crypto\6.3.1\spring-security-crypto-6.3.1.jar;C:\Users\Rafa Oliveira\.m2\repository\org\springframework\security\spring-security-web\6.3.1\spring-security-web-6.3.1.jar;C:\Users\Rafa Oliveira\.m2\repository\com\mysql\mysql-connector-j\8.3.0\mysql-connector-j-8.3.0.jar;C:\Users\Rafa Oliveira\.m2\repository\org\flywaydb\flyway-core\10.10.0\flyway-core-10.10.0.jar;C:\Users\Rafa Oliveira\.m2\repository\com\fasterxml\jackson\dataformat\jackson-dataformat-toml\2.17.2\jackson-dataformat-toml-2.17.2.jar;C:\Users\Rafa Oliveira\.m2\repository\com\fasterxml\jackson\core\jackson-core\2.17.2\jackson-core-2.17.2.jar;C:\Users\Rafa Oliveira\.m2\repository\com\google\code\gson\gson\2.10.1\gson-2.10.1.jar;C:\Users\Rafa Oliveira\.m2\repository\org\flywaydb\flyway-mysql\10.10.0\flyway-mysql-10.10.0.jar;C:\Users\Rafa Oliveira\.m2\repository\com\github\dozermapper\dozer-core\6.4.0\dozer-core-6.4.0.jar;C:\Users\Rafa Oliveira\.m2\repository\commons-beanutils\commons-beanutils\1.9.3\commons-beanutils-1.9.3.jar;C:\Users\Rafa Oliveira\.m2\repository\commons-collections\commons-collections\3.2.2\commons-collections-3.2.2.jar;C:\Users\Rafa Oliveira\.m2\repository\org\apache\commons\commons-lang3\3.14.0\commons-lang3-3.14.0.jar;C:\Users\Rafa Oliveira\.m2\repository\commons-io\commons-io\2.5\commons-io-2.5.jar;C:\Users\Rafa Oliveira\.m2\repository\javax\xml\bind\jaxb-api\2.2.11\jaxb-api-2.2.11.jar;C:\Users\Rafa Oliveira\.m2\repository\org\slf4j\jcl-over-slf4j\2.0.13\jcl-over-slf4j-2.0.13.jar;C:\Users\Rafa Oliveira\.m2\repository\org\objenesis\objenesis\2.6\objenesis-2.6.jar;C:\Users\Rafa Oliveira\.m2\repository\jakarta\validation\jakarta.validation-api\3.1.0\jakarta.validation-api-3.1.0.jar;C:\Users\Rafa Oliveira\.m2\repository\com\auth0\java-jwt\4.4.0\java-jwt-4.4.0.jar;C:\Users\Rafa Oliveira\.m2\repository\com\fasterxml\jackson\core\jackson-databind\2.17.2\jackson-databind-2.17.2.jar;C:\Users\Rafa Oliveira\.m2\repository\com\fasterxml\jackson\core\jackson-annotations\2.17.2\jackson-annotations-2.17.2.jar;C:\Users\Rafa Oliveira\.m2\repository\com\itextpdf\barcodes\8.0.5\barcodes-8.0.5.jar;C:\Users\Rafa Oliveira\.m2\repository\com\itextpdf\font-asian\8.0.5\font-asian-8.0.5.jar;C:\Users\Rafa Oliveira\.m2\repository\com\itextpdf\forms\8.0.5\forms-8.0.5.jar;C:\Users\Rafa Oliveira\.m2\repository\com\itextpdf\hyph\8.0.5\hyph-8.0.5.jar;C:\Users\Rafa Oliveira\.m2\repository\com\itextpdf\io\8.0.5\io-8.0.5.jar;C:\Users\Rafa Oliveira\.m2\repository\com\itextpdf\commons\8.0.5\commons-8.0.5.jar;C:\Users\Rafa Oliveira\.m2\repository\com\itextpdf\kernel\8.0.5\kernel-8.0.5.jar;C:\Users\Rafa Oliveira\.m2\repository\com\itextpdf\layout\8.0.5\layout-8.0.5.jar;C:\Users\Rafa Oliveira\.m2\repository\com\itextpdf\pdfa\8.0.5\pdfa-8.0.5.jar;C:\Users\Rafa Oliveira\.m2\repository\com\itextpdf\sign\8.0.5\sign-8.0.5.jar;C:\Users\Rafa Oliveira\.m2\repository\com\itextpdf\styled-xml-parser\8.0.5\styled-xml-parser-8.0.5.jar;C:\Users\Rafa Oliveira\.m2\repository\com\itextpdf\svg\8.0.5\svg-8.0.5.jar;C:\Users\Rafa Oliveira\.m2\repository\com\itextpdf\bouncy-castle-connector\8.0.5\bouncy-castle-connector-8.0.5.jar;C:\Users\Rafa Oliveira\.m2\repository\com\itextpdf\pdfua\8.0.5\pdfua-8.0.5.jar
Launcher Type: SUN_STANDARD

[Global flags]
     intx CICompilerCount                          = 4                                         {product} {ergonomic}
     uint ConcGCThreads                            = 3                                         {product} {ergonomic}
     uint G1ConcRefinementThreads                  = 10                                        {product} {ergonomic}
   size_t G1HeapRegionSize                         = 2097152                                   {product} {ergonomic}
    uintx GCDrainStackTargetSize                   = 64                                        {product} {ergonomic}
   size_t InitialHeapSize                          = 234881024                                 {product} {ergonomic}
   size_t MarkStackSize                            = 4194304                                   {product} {ergonomic}
   size_t MaxHeapSize                              = 3730833408                                {product} {ergonomic}
   size_t MinHeapDeltaBytes                        = 2097152                                   {product} {ergonomic}
   size_t MinHeapSize                              = 8388608                                   {product} {ergonomic}
    uintx NonNMethodCodeHeapSize                   = 5839372                                {pd product} {ergonomic}
    uintx NonProfiledCodeHeapSize                  = 122909434                              {pd product} {ergonomic}
    uintx ProfiledCodeHeapSize                     = 122909434                              {pd product} {ergonomic}
    uintx ReservedCodeCacheSize                    = 251658240                              {pd product} {ergonomic}
     bool SegmentedCodeCache                       = true                                      {product} {ergonomic}
   size_t SoftMaxHeapSize                          = 3730833408                             {manageable} {ergonomic}
     bool UseCompressedOops                        = true                           {product lp64_product} {ergonomic}
     bool UseG1GC                                  = true                                      {product} {ergonomic}
     bool UseLargePagesIndividualAllocation        = false                                  {pd product} {ergonomic}

Logging:
Log output configuration:
 #0: stdout all=warning uptime,level,tags foldmultilines=false
 #1: stderr all=off uptime,level,tags foldmultilines=false

Environment Variables:
JAVA_HOME=C:\Program Files\Java\jdk-21.0.4
PATH=C:\Program Files\Common Files\Oracle\Java\javapath;C:\Program Files\Microsoft MPI\Bin\;C:\Windows\system32;C:\Windows;C:\Windows\System32\Wbem;C:\Windows\System32\WindowsPowerShell\v1.0\;C:\Windows\System32\OpenSSH\;C:\Program Files\Git\cmd;C:\Program Files\nodejs\;C:\Program Files (x86)\Microsoft SQL Server\160\DTS\Binn\;C:\Program Files (x86)\Microsoft SQL Server\160\Tools\Binn\;C:\Program Files\Microsoft SQL Server\160\Tools\Binn\;C:\Program Files\Microsoft SQL Server\Client SDK\ODBC\170\Tools\Binn\;C:\Program Files\Microsoft SQL Server\160\DTS\Binn\;C:\Program Files\Maven\bin;C:\Program Files\Docker\Docker\resources\bin;C:\Program Files\Java\jdk-21.0.4\bin;C:\Program Files\MySQL\MySQL Shell 8.0\bin\;C:\Users\Rafa Oliveira\AppData\Local\Microsoft\WindowsApps;C:\Users\Rafa Oliveira\AppData\Local\Programs\Microsoft VS Code\bin;C:\Users\Rafa Oliveira\AppData\Local\GitHubDesktop\bin;C:\Users\Rafa Oliveira\AppData\Roaming\npm;C:\Program Files\Azure Data Studio\bin;C:\Program Files\JetBrains\IntelliJ IDEA 2023.1\bin;;C:\Program Files\JetBrains\IntelliJ IDEA Community Edition 2023.1.2\bin;;C:\Program Files\JetBrains\PyCharm Community Edition 2024.2.3\bin;
USERNAME=Rafa Oliveira
OS=Windows_NT
PROCESSOR_IDENTIFIER=AMD64 Family 23 Model 96 Stepping 1, AuthenticAMD
TMP=C:\Users\RAFAOL~1\AppData\Local\Temp
TEMP=C:\Users\RAFAOL~1\AppData\Local\Temp




Periodic native trim disabled

---------------  S Y S T E M  ---------------

OS:
 Windows 10 , 64 bit Build 19041 (10.0.19041.4957)
OS uptime: 0 days 0:34 hours
Hyper-V role detected

CPU: total 12 (initial active 12) (12 cores per cpu, 2 threads per core) family 23 model 96 stepping 1 microcode 0x0, cx8, cmov, fxsr, ht, mmx, 3dnowpref, sse, sse2, sse3, ssse3, sse4a, sse4.1, sse4.2, popcnt, lzcnt, tsc, tscinvbit, avx, avx2, aes, clmul, bmi1, bmi2, adx, sha, fma, vzeroupper, clflush, clflushopt, hv, rdtscp, rdpid, f16c
Processor Information for all 12 processors :
  Max Mhz: 3701, Current Mhz: 3701, Mhz Limit: 3701

Memory: 4k page, system-wide physical 14225M (3487M free)
TotalPageFile size 16273M (AvailPageFile size 168M)
current process WorkingSet (physical memory assigned to process): 10M, peak: 10M
current process commit charge ("private bytes"): 64M, peak: 288M

vm_info: Java HotSpot(TM) 64-Bit Server VM (21.0.4+8-LTS-274) for windows-amd64 JRE (21.0.4+8-LTS-274), built on 2024-06-05T05:23:33Z by "mach5one" with MS VC++ 17.6 (VS2022)

END.
