#
# There is insufficient memory for the Java Runtime Environment to continue.
# Native memory allocation (malloc) failed to allocate 169456 bytes for Chunk::new
# Possible reasons:
#   The system is out of physical RAM or swap space
#   The process is running with CompressedOops enabled, and the Java Heap may be blocking the growth of the native heap
# Possible solutions:
#   Reduce memory load on the system
#   Increase physical memory or swap space
#   Check if swap backing store is full
#   Decrease Java heap size (-Xmx/-Xms)
#   Decrease number of Java threads
#   Decrease Java thread stack sizes (-Xss)
#   Set larger code cache with -XX:ReservedCodeCacheSize=
#   JVM is running with Zero Based Compressed Oops mode in which the Java heap is
#     placed in the first 32GB address space. The Java Heap base address is the
#     maximum limit for the native heap growth. Please use -XX:HeapBaseMinAddress
#     to set the Java Heap base and to place the Java Heap above 32GB virtual address.
# This output file may be truncated or incomplete.
#
#  Out of Memory Error (arena.cpp:168), pid=10740, tid=15396
#
# JRE version: Java(TM) SE Runtime Environment (21.0.4+8) (build 21.0.4+8-LTS-274)
# Java VM: Java HotSpot(TM) 64-Bit Server VM (21.0.4+8-LTS-274, mixed mode, sharing, tiered, compressed oops, compressed class ptrs, g1 gc, windows-amd64)
# No core dump will be written. Minidumps are not enabled by default on client versions of Windows
#

---------------  S U M M A R Y ------------

Command Line: -javaagent:C:\Program Files\JetBrains\IntelliJ IDEA Community Edition 2023.1.2\lib\idea_rt.jar=60492:C:\Program Files\JetBrains\IntelliJ IDEA Community Edition 2023.1.2\bin -Dfile.encoding=UTF-8 -Dsun.stdout.encoding=UTF-8 -Dsun.stderr.encoding=UTF-8 com.controlu.facial.ReconhecimentoFacialApplication

Host: AMD Ryzen 5 4600G with Radeon Graphics, 12 cores, 13G,  Windows 10 , 64 bit Build 19041 (10.0.19041.4842)
Time: Sun Sep 22 19:57:28 2024 Hora oficial do Brasil elapsed time: 0.833368 seconds (0d 0h 0m 0s)

---------------  T H R E A D  ---------------

Current thread (0x0000023b83fb8b40):  JavaThread "C2 CompilerThread0" daemon [_thread_in_native, id=15396, stack(0x00000048e6400000,0x00000048e6500000) (1024K)]


Current CompileTask:
C2:    833 1528       4       java.util.jar.JarFile::getEntry (35 bytes)

Stack: [0x00000048e6400000,0x00000048e6500000]
Native frames: (J=compiled Java code, j=interpreted, Vv=VM code, C=native code)
V  [jvm.dll+0x6c8e59]
V  [jvm.dll+0x853181]
V  [jvm.dll+0x8556ae]
V  [jvm.dll+0x855d83]
V  [jvm.dll+0x27d526]
V  [jvm.dll+0xc4aad]
V  [jvm.dll+0xc4fe3]
V  [jvm.dll+0x3b3fd2]
V  [jvm.dll+0x1deebb]
V  [jvm.dll+0x2463d2]
V  [jvm.dll+0x24585f]
V  [jvm.dll+0x1c69de]
V  [jvm.dll+0x254d49]
V  [jvm.dll+0x2532da]
V  [jvm.dll+0x3ed426]
V  [jvm.dll+0x7fd65b]
V  [jvm.dll+0x6c753d]
C  [ucrtbase.dll+0x21bb2]
C  [KERNEL32.DLL+0x17374]
C  [ntdll.dll+0x4cc91]


---------------  P R O C E S S  ---------------

Threads class SMR info:
_java_thread_list=0x0000023bca5474c0, length=14, elements={
0x0000023be5301180, 0x0000023b83fa4d60, 0x0000023b83fa5c30, 0x0000023b83fa79b0,
0x0000023b83fa8690, 0x0000023b83fa9450, 0x0000023b83fb3ae0, 0x0000023b83fb8b40,
0x0000023b83fbb200, 0x0000023b83f73fc0, 0x0000023bc9511410, 0x0000023bc93349b0,
0x0000023bc95889c0, 0x0000023bca6245b0
}

Java Threads: ( => current thread )
  0x0000023be5301180 JavaThread "main"                              [_thread_in_Java, id=18416, stack(0x00000048e5600000,0x00000048e5700000) (1024K)]
  0x0000023b83fa4d60 JavaThread "Reference Handler"          daemon [_thread_blocked, id=6552, stack(0x00000048e5e00000,0x00000048e5f00000) (1024K)]
  0x0000023b83fa5c30 JavaThread "Finalizer"                  daemon [_thread_blocked, id=9368, stack(0x00000048e5f00000,0x00000048e6000000) (1024K)]
  0x0000023b83fa79b0 JavaThread "Signal Dispatcher"          daemon [_thread_blocked, id=6976, stack(0x00000048e6000000,0x00000048e6100000) (1024K)]
  0x0000023b83fa8690 JavaThread "Attach Listener"            daemon [_thread_blocked, id=15560, stack(0x00000048e6100000,0x00000048e6200000) (1024K)]
  0x0000023b83fa9450 JavaThread "Service Thread"             daemon [_thread_blocked, id=8412, stack(0x00000048e6200000,0x00000048e6300000) (1024K)]
  0x0000023b83fb3ae0 JavaThread "Monitor Deflation Thread"   daemon [_thread_blocked, id=13564, stack(0x00000048e6300000,0x00000048e6400000) (1024K)]
=>0x0000023b83fb8b40 JavaThread "C2 CompilerThread0"         daemon [_thread_in_native, id=15396, stack(0x00000048e6400000,0x00000048e6500000) (1024K)]
  0x0000023b83fbb200 JavaThread "C1 CompilerThread0"         daemon [_thread_blocked, id=11040, stack(0x00000048e6500000,0x00000048e6600000) (1024K)]
  0x0000023b83f73fc0 JavaThread "Common-Cleaner"             daemon [_thread_blocked, id=10940, stack(0x00000048e6600000,0x00000048e6700000) (1024K)]
  0x0000023bc9511410 JavaThread "C2 CompilerThread1"         daemon [_thread_in_native, id=16960, stack(0x00000048e6700000,0x00000048e6800000) (1024K)]
  0x0000023bc93349b0 JavaThread "Monitor Ctrl-Break"         daemon [_thread_in_native, id=18200, stack(0x00000048e6800000,0x00000048e6900000) (1024K)]
  0x0000023bc95889c0 JavaThread "Notification Thread"        daemon [_thread_blocked, id=11848, stack(0x00000048e6900000,0x00000048e6a00000) (1024K)]
  0x0000023bca6245b0 JavaThread "background-preinit"                [_thread_in_Java, id=9332, stack(0x00000048e6f00000,0x00000048e7000000) (1024K)]
Total: 14

Other Threads:
  0x0000023b83f85600 VMThread "VM Thread"                           [id=4624, stack(0x00000048e5d00000,0x00000048e5e00000) (1024K)]
  0x0000023b83f731d0 WatcherThread "VM Periodic Task Thread"        [id=15772, stack(0x00000048e5c00000,0x00000048e5d00000) (1024K)]
  0x0000023be535f5e0 WorkerThread "GC Thread#0"                     [id=7328, stack(0x00000048e5700000,0x00000048e5800000) (1024K)]
  0x0000023bc9d02170 WorkerThread "GC Thread#1"                     [id=5556, stack(0x00000048e6a00000,0x00000048e6b00000) (1024K)]
  0x0000023bc9d02510 WorkerThread "GC Thread#2"                     [id=16640, stack(0x00000048e6b00000,0x00000048e6c00000) (1024K)]
  0x0000023bc9d06d90 WorkerThread "GC Thread#3"                     [id=9688, stack(0x00000048e6c00000,0x00000048e6d00000) (1024K)]
  0x0000023bc9d07530 WorkerThread "GC Thread#4"                     [id=11204, stack(0x00000048e6d00000,0x00000048e6e00000) (1024K)]
  0x0000023bca585a30 WorkerThread "GC Thread#5"                     [id=7812, stack(0x00000048e6e00000,0x00000048e6f00000) (1024K)]
  0x0000023be536f4d0 ConcurrentGCThread "G1 Main Marker"            [id=11512, stack(0x00000048e5800000,0x00000048e5900000) (1024K)]
  0x0000023be536fed0 WorkerThread "G1 Conc#0"                       [id=14740, stack(0x00000048e5900000,0x00000048e5a00000) (1024K)]
  0x0000023b83e461a0 ConcurrentGCThread "G1 Refine#0"               [id=8560, stack(0x00000048e5a00000,0x00000048e5b00000) (1024K)]
  0x0000023b83e46c10 ConcurrentGCThread "G1 Service"                [id=5340, stack(0x00000048e5b00000,0x00000048e5c00000) (1024K)]
Total: 12

Threads with active compile tasks:
C2 CompilerThread0      845 1528       4       java.util.jar.JarFile::getEntry (35 bytes)
C1 CompilerThread0      845 1566       3       org.springframework.util.ConcurrentReferenceHashMap$Segment::<init> (48 bytes)
C2 CompilerThread1      845 1545   !   4       jdk.internal.loader.URLClassPath$JarLoader::getResource (40 bytes)
Total: 3

VM state: not at safepoint (normal execution)

VM Mutex/Monitor currently owned by a thread: None

Heap address: 0x0000000721a00000, size: 3558 MB, Compressed Oops mode: Zero based, Oop shift amount: 3

CDS archive(s) mapped at: [0x0000023b84000000-0x0000023b84c90000-0x0000023b84c90000), size 13172736, SharedBaseAddress: 0x0000023b84000000, ArchiveRelocationMode: 1.
Compressed class space mapped at: 0x0000023b85000000-0x0000023bc5000000, reserved size: 1073741824
Narrow klass base: 0x0000023b84000000, Narrow klass shift: 0, Narrow klass range: 0x100000000

GC Precious Log:
 CardTable entry size: 512
 Card Set container configuration: InlinePtr #cards 4 size 8 Array Of Cards #cards 16 size 48 Howl #buckets 8 coarsen threshold 3686 Howl Bitmap #cards 512 size 80 coarsen threshold 460 Card regions per heap region 1 cards per card region 4096
 CPUs: 12 total, 12 available
 Memory: 14225M
 Large Page Support: Disabled
 NUMA Support: Disabled
 Compressed Oops: Enabled (Zero based)
 Heap Region Size: 2M
 Heap Min Capacity: 8M
 Heap Initial Capacity: 224M
 Heap Max Capacity: 3558M
 Pre-touch: Disabled
 Parallel Workers: 10
 Concurrent Workers: 3
 Concurrent Refinement Workers: 10
 Periodic GC: Disabled

Heap:
 garbage-first heap   total 229376K, used 8464K [0x0000000721a00000, 0x0000000800000000)
  region size 2048K, 5 young (10240K), 2 survivors (4096K)
 Metaspace       used 8382K, committed 8640K, reserved 1114112K
  class space    used 1020K, committed 1152K, reserved 1048576K

Heap Regions: E=young(eden), S=young(survivor), O=old, HS=humongous(starts), HC=humongous(continues), CS=collection set, F=free, TAMS=top-at-mark-start, PB=parsable bottom
|   0|0x0000000721a00000, 0x0000000721a44000, 0x0000000721c00000| 13%| O|  |TAMS 0x0000000721a00000| PB 0x0000000721a00000| Untracked 
|   1|0x0000000721c00000, 0x0000000721c00000, 0x0000000721e00000|  0%| F|  |TAMS 0x0000000721c00000| PB 0x0000000721c00000| Untracked 
|   2|0x0000000721e00000, 0x0000000721e00000, 0x0000000722000000|  0%| F|  |TAMS 0x0000000721e00000| PB 0x0000000721e00000| Untracked 
|   3|0x0000000722000000, 0x0000000722000000, 0x0000000722200000|  0%| F|  |TAMS 0x0000000722000000| PB 0x0000000722000000| Untracked 
|   4|0x0000000722200000, 0x0000000722200000, 0x0000000722400000|  0%| F|  |TAMS 0x0000000722200000| PB 0x0000000722200000| Untracked 
|   5|0x0000000722400000, 0x0000000722400000, 0x0000000722600000|  0%| F|  |TAMS 0x0000000722400000| PB 0x0000000722400000| Untracked 
|   6|0x0000000722600000, 0x0000000722600000, 0x0000000722800000|  0%| F|  |TAMS 0x0000000722600000| PB 0x0000000722600000| Untracked 
|   7|0x0000000722800000, 0x0000000722800000, 0x0000000722a00000|  0%| F|  |TAMS 0x0000000722800000| PB 0x0000000722800000| Untracked 
|   8|0x0000000722a00000, 0x0000000722a00000, 0x0000000722c00000|  0%| F|  |TAMS 0x0000000722a00000| PB 0x0000000722a00000| Untracked 
|   9|0x0000000722c00000, 0x0000000722c00000, 0x0000000722e00000|  0%| F|  |TAMS 0x0000000722c00000| PB 0x0000000722c00000| Untracked 
|  10|0x0000000722e00000, 0x0000000722e00000, 0x0000000723000000|  0%| F|  |TAMS 0x0000000722e00000| PB 0x0000000722e00000| Untracked 
|  11|0x0000000723000000, 0x0000000723000000, 0x0000000723200000|  0%| F|  |TAMS 0x0000000723000000| PB 0x0000000723000000| Untracked 
|  12|0x0000000723200000, 0x0000000723200000, 0x0000000723400000|  0%| F|  |TAMS 0x0000000723200000| PB 0x0000000723200000| Untracked 
|  13|0x0000000723400000, 0x0000000723400000, 0x0000000723600000|  0%| F|  |TAMS 0x0000000723400000| PB 0x0000000723400000| Untracked 
|  14|0x0000000723600000, 0x0000000723600000, 0x0000000723800000|  0%| F|  |TAMS 0x0000000723600000| PB 0x0000000723600000| Untracked 
|  15|0x0000000723800000, 0x0000000723800000, 0x0000000723a00000|  0%| F|  |TAMS 0x0000000723800000| PB 0x0000000723800000| Untracked 
|  16|0x0000000723a00000, 0x0000000723a00000, 0x0000000723c00000|  0%| F|  |TAMS 0x0000000723a00000| PB 0x0000000723a00000| Untracked 
|  17|0x0000000723c00000, 0x0000000723c00000, 0x0000000723e00000|  0%| F|  |TAMS 0x0000000723c00000| PB 0x0000000723c00000| Untracked 
|  18|0x0000000723e00000, 0x0000000723e00000, 0x0000000724000000|  0%| F|  |TAMS 0x0000000723e00000| PB 0x0000000723e00000| Untracked 
|  19|0x0000000724000000, 0x0000000724000000, 0x0000000724200000|  0%| F|  |TAMS 0x0000000724000000| PB 0x0000000724000000| Untracked 
|  20|0x0000000724200000, 0x0000000724200000, 0x0000000724400000|  0%| F|  |TAMS 0x0000000724200000| PB 0x0000000724200000| Untracked 
|  21|0x0000000724400000, 0x0000000724400000, 0x0000000724600000|  0%| F|  |TAMS 0x0000000724400000| PB 0x0000000724400000| Untracked 
|  22|0x0000000724600000, 0x0000000724600000, 0x0000000724800000|  0%| F|  |TAMS 0x0000000724600000| PB 0x0000000724600000| Untracked 
|  23|0x0000000724800000, 0x0000000724800000, 0x0000000724a00000|  0%| F|  |TAMS 0x0000000724800000| PB 0x0000000724800000| Untracked 
|  24|0x0000000724a00000, 0x0000000724a00000, 0x0000000724c00000|  0%| F|  |TAMS 0x0000000724a00000| PB 0x0000000724a00000| Untracked 
|  25|0x0000000724c00000, 0x0000000724c00000, 0x0000000724e00000|  0%| F|  |TAMS 0x0000000724c00000| PB 0x0000000724c00000| Untracked 
|  26|0x0000000724e00000, 0x0000000724e00000, 0x0000000725000000|  0%| F|  |TAMS 0x0000000724e00000| PB 0x0000000724e00000| Untracked 
|  27|0x0000000725000000, 0x0000000725000000, 0x0000000725200000|  0%| F|  |TAMS 0x0000000725000000| PB 0x0000000725000000| Untracked 
|  28|0x0000000725200000, 0x0000000725200000, 0x0000000725400000|  0%| F|  |TAMS 0x0000000725200000| PB 0x0000000725200000| Untracked 
|  29|0x0000000725400000, 0x0000000725400000, 0x0000000725600000|  0%| F|  |TAMS 0x0000000725400000| PB 0x0000000725400000| Untracked 
|  30|0x0000000725600000, 0x0000000725600000, 0x0000000725800000|  0%| F|  |TAMS 0x0000000725600000| PB 0x0000000725600000| Untracked 
|  31|0x0000000725800000, 0x0000000725800000, 0x0000000725a00000|  0%| F|  |TAMS 0x0000000725800000| PB 0x0000000725800000| Untracked 
|  32|0x0000000725a00000, 0x0000000725a00000, 0x0000000725c00000|  0%| F|  |TAMS 0x0000000725a00000| PB 0x0000000725a00000| Untracked 
|  33|0x0000000725c00000, 0x0000000725c00000, 0x0000000725e00000|  0%| F|  |TAMS 0x0000000725c00000| PB 0x0000000725c00000| Untracked 
|  34|0x0000000725e00000, 0x0000000725e00000, 0x0000000726000000|  0%| F|  |TAMS 0x0000000725e00000| PB 0x0000000725e00000| Untracked 
|  35|0x0000000726000000, 0x0000000726000000, 0x0000000726200000|  0%| F|  |TAMS 0x0000000726000000| PB 0x0000000726000000| Untracked 
|  36|0x0000000726200000, 0x0000000726200000, 0x0000000726400000|  0%| F|  |TAMS 0x0000000726200000| PB 0x0000000726200000| Untracked 
|  37|0x0000000726400000, 0x0000000726400000, 0x0000000726600000|  0%| F|  |TAMS 0x0000000726400000| PB 0x0000000726400000| Untracked 
|  38|0x0000000726600000, 0x0000000726600000, 0x0000000726800000|  0%| F|  |TAMS 0x0000000726600000| PB 0x0000000726600000| Untracked 
|  39|0x0000000726800000, 0x0000000726800000, 0x0000000726a00000|  0%| F|  |TAMS 0x0000000726800000| PB 0x0000000726800000| Untracked 
|  40|0x0000000726a00000, 0x0000000726a00000, 0x0000000726c00000|  0%| F|  |TAMS 0x0000000726a00000| PB 0x0000000726a00000| Untracked 
|  41|0x0000000726c00000, 0x0000000726c00000, 0x0000000726e00000|  0%| F|  |TAMS 0x0000000726c00000| PB 0x0000000726c00000| Untracked 
|  42|0x0000000726e00000, 0x0000000726e00000, 0x0000000727000000|  0%| F|  |TAMS 0x0000000726e00000| PB 0x0000000726e00000| Untracked 
|  43|0x0000000727000000, 0x0000000727000000, 0x0000000727200000|  0%| F|  |TAMS 0x0000000727000000| PB 0x0000000727000000| Untracked 
|  44|0x0000000727200000, 0x0000000727200000, 0x0000000727400000|  0%| F|  |TAMS 0x0000000727200000| PB 0x0000000727200000| Untracked 
|  45|0x0000000727400000, 0x0000000727400000, 0x0000000727600000|  0%| F|  |TAMS 0x0000000727400000| PB 0x0000000727400000| Untracked 
|  46|0x0000000727600000, 0x0000000727600000, 0x0000000727800000|  0%| F|  |TAMS 0x0000000727600000| PB 0x0000000727600000| Untracked 
|  47|0x0000000727800000, 0x0000000727800000, 0x0000000727a00000|  0%| F|  |TAMS 0x0000000727800000| PB 0x0000000727800000| Untracked 
|  48|0x0000000727a00000, 0x0000000727a00000, 0x0000000727c00000|  0%| F|  |TAMS 0x0000000727a00000| PB 0x0000000727a00000| Untracked 
|  49|0x0000000727c00000, 0x0000000727c00000, 0x0000000727e00000|  0%| F|  |TAMS 0x0000000727c00000| PB 0x0000000727c00000| Untracked 
|  50|0x0000000727e00000, 0x0000000727e00000, 0x0000000728000000|  0%| F|  |TAMS 0x0000000727e00000| PB 0x0000000727e00000| Untracked 
|  51|0x0000000728000000, 0x0000000728000000, 0x0000000728200000|  0%| F|  |TAMS 0x0000000728000000| PB 0x0000000728000000| Untracked 
|  52|0x0000000728200000, 0x0000000728200000, 0x0000000728400000|  0%| F|  |TAMS 0x0000000728200000| PB 0x0000000728200000| Untracked 
|  53|0x0000000728400000, 0x0000000728400000, 0x0000000728600000|  0%| F|  |TAMS 0x0000000728400000| PB 0x0000000728400000| Untracked 
|  54|0x0000000728600000, 0x0000000728600000, 0x0000000728800000|  0%| F|  |TAMS 0x0000000728600000| PB 0x0000000728600000| Untracked 
|  55|0x0000000728800000, 0x0000000728800000, 0x0000000728a00000|  0%| F|  |TAMS 0x0000000728800000| PB 0x0000000728800000| Untracked 
|  56|0x0000000728a00000, 0x0000000728a00000, 0x0000000728c00000|  0%| F|  |TAMS 0x0000000728a00000| PB 0x0000000728a00000| Untracked 
|  57|0x0000000728c00000, 0x0000000728c00000, 0x0000000728e00000|  0%| F|  |TAMS 0x0000000728c00000| PB 0x0000000728c00000| Untracked 
|  58|0x0000000728e00000, 0x0000000728e00000, 0x0000000729000000|  0%| F|  |TAMS 0x0000000728e00000| PB 0x0000000728e00000| Untracked 
|  59|0x0000000729000000, 0x0000000729000000, 0x0000000729200000|  0%| F|  |TAMS 0x0000000729000000| PB 0x0000000729000000| Untracked 
|  60|0x0000000729200000, 0x0000000729200000, 0x0000000729400000|  0%| F|  |TAMS 0x0000000729200000| PB 0x0000000729200000| Untracked 
|  61|0x0000000729400000, 0x0000000729400000, 0x0000000729600000|  0%| F|  |TAMS 0x0000000729400000| PB 0x0000000729400000| Untracked 
|  62|0x0000000729600000, 0x0000000729600000, 0x0000000729800000|  0%| F|  |TAMS 0x0000000729600000| PB 0x0000000729600000| Untracked 
|  63|0x0000000729800000, 0x0000000729800000, 0x0000000729a00000|  0%| F|  |TAMS 0x0000000729800000| PB 0x0000000729800000| Untracked 
|  64|0x0000000729a00000, 0x0000000729a00000, 0x0000000729c00000|  0%| F|  |TAMS 0x0000000729a00000| PB 0x0000000729a00000| Untracked 
|  65|0x0000000729c00000, 0x0000000729c00000, 0x0000000729e00000|  0%| F|  |TAMS 0x0000000729c00000| PB 0x0000000729c00000| Untracked 
|  66|0x0000000729e00000, 0x0000000729e00000, 0x000000072a000000|  0%| F|  |TAMS 0x0000000729e00000| PB 0x0000000729e00000| Untracked 
|  67|0x000000072a000000, 0x000000072a000000, 0x000000072a200000|  0%| F|  |TAMS 0x000000072a000000| PB 0x000000072a000000| Untracked 
|  68|0x000000072a200000, 0x000000072a200000, 0x000000072a400000|  0%| F|  |TAMS 0x000000072a200000| PB 0x000000072a200000| Untracked 
|  69|0x000000072a400000, 0x000000072a400000, 0x000000072a600000|  0%| F|  |TAMS 0x000000072a400000| PB 0x000000072a400000| Untracked 
|  70|0x000000072a600000, 0x000000072a600000, 0x000000072a800000|  0%| F|  |TAMS 0x000000072a600000| PB 0x000000072a600000| Untracked 
|  71|0x000000072a800000, 0x000000072a800000, 0x000000072aa00000|  0%| F|  |TAMS 0x000000072a800000| PB 0x000000072a800000| Untracked 
|  72|0x000000072aa00000, 0x000000072aa00000, 0x000000072ac00000|  0%| F|  |TAMS 0x000000072aa00000| PB 0x000000072aa00000| Untracked 
|  73|0x000000072ac00000, 0x000000072ac00000, 0x000000072ae00000|  0%| F|  |TAMS 0x000000072ac00000| PB 0x000000072ac00000| Untracked 
|  74|0x000000072ae00000, 0x000000072ae00000, 0x000000072b000000|  0%| F|  |TAMS 0x000000072ae00000| PB 0x000000072ae00000| Untracked 
|  75|0x000000072b000000, 0x000000072b000000, 0x000000072b200000|  0%| F|  |TAMS 0x000000072b000000| PB 0x000000072b000000| Untracked 
|  76|0x000000072b200000, 0x000000072b200000, 0x000000072b400000|  0%| F|  |TAMS 0x000000072b200000| PB 0x000000072b200000| Untracked 
|  77|0x000000072b400000, 0x000000072b400000, 0x000000072b600000|  0%| F|  |TAMS 0x000000072b400000| PB 0x000000072b400000| Untracked 
|  78|0x000000072b600000, 0x000000072b600000, 0x000000072b800000|  0%| F|  |TAMS 0x000000072b600000| PB 0x000000072b600000| Untracked 
|  79|0x000000072b800000, 0x000000072b800000, 0x000000072ba00000|  0%| F|  |TAMS 0x000000072b800000| PB 0x000000072b800000| Untracked 
|  80|0x000000072ba00000, 0x000000072ba00000, 0x000000072bc00000|  0%| F|  |TAMS 0x000000072ba00000| PB 0x000000072ba00000| Untracked 
|  81|0x000000072bc00000, 0x000000072bc00000, 0x000000072be00000|  0%| F|  |TAMS 0x000000072bc00000| PB 0x000000072bc00000| Untracked 
|  82|0x000000072be00000, 0x000000072be00000, 0x000000072c000000|  0%| F|  |TAMS 0x000000072be00000| PB 0x000000072be00000| Untracked 
|  83|0x000000072c000000, 0x000000072c000000, 0x000000072c200000|  0%| F|  |TAMS 0x000000072c000000| PB 0x000000072c000000| Untracked 
|  84|0x000000072c200000, 0x000000072c200000, 0x000000072c400000|  0%| F|  |TAMS 0x000000072c200000| PB 0x000000072c200000| Untracked 
|  85|0x000000072c400000, 0x000000072c400000, 0x000000072c600000|  0%| F|  |TAMS 0x000000072c400000| PB 0x000000072c400000| Untracked 
|  86|0x000000072c600000, 0x000000072c600000, 0x000000072c800000|  0%| F|  |TAMS 0x000000072c600000| PB 0x000000072c600000| Untracked 
|  87|0x000000072c800000, 0x000000072c800000, 0x000000072ca00000|  0%| F|  |TAMS 0x000000072c800000| PB 0x000000072c800000| Untracked 
|  88|0x000000072ca00000, 0x000000072ca00000, 0x000000072cc00000|  0%| F|  |TAMS 0x000000072ca00000| PB 0x000000072ca00000| Untracked 
|  89|0x000000072cc00000, 0x000000072cc00000, 0x000000072ce00000|  0%| F|  |TAMS 0x000000072cc00000| PB 0x000000072cc00000| Untracked 
|  90|0x000000072ce00000, 0x000000072ce00000, 0x000000072d000000|  0%| F|  |TAMS 0x000000072ce00000| PB 0x000000072ce00000| Untracked 
|  91|0x000000072d000000, 0x000000072d000000, 0x000000072d200000|  0%| F|  |TAMS 0x000000072d000000| PB 0x000000072d000000| Untracked 
|  92|0x000000072d200000, 0x000000072d200000, 0x000000072d400000|  0%| F|  |TAMS 0x000000072d200000| PB 0x000000072d200000| Untracked 
|  93|0x000000072d400000, 0x000000072d400000, 0x000000072d600000|  0%| F|  |TAMS 0x000000072d400000| PB 0x000000072d400000| Untracked 
|  94|0x000000072d600000, 0x000000072d600000, 0x000000072d800000|  0%| F|  |TAMS 0x000000072d600000| PB 0x000000072d600000| Untracked 
|  95|0x000000072d800000, 0x000000072d800000, 0x000000072da00000|  0%| F|  |TAMS 0x000000072d800000| PB 0x000000072d800000| Untracked 
|  96|0x000000072da00000, 0x000000072da00000, 0x000000072dc00000|  0%| F|  |TAMS 0x000000072da00000| PB 0x000000072da00000| Untracked 
|  97|0x000000072dc00000, 0x000000072dc00000, 0x000000072de00000|  0%| F|  |TAMS 0x000000072dc00000| PB 0x000000072dc00000| Untracked 
|  98|0x000000072de00000, 0x000000072de00000, 0x000000072e000000|  0%| F|  |TAMS 0x000000072de00000| PB 0x000000072de00000| Untracked 
|  99|0x000000072e000000, 0x000000072e200000, 0x000000072e200000|100%| S|CS|TAMS 0x000000072e000000| PB 0x000000072e000000| Complete 
| 100|0x000000072e200000, 0x000000072e400000, 0x000000072e400000|100%| S|CS|TAMS 0x000000072e200000| PB 0x000000072e200000| Complete 
| 101|0x000000072e400000, 0x000000072e400000, 0x000000072e600000|  0%| F|  |TAMS 0x000000072e400000| PB 0x000000072e400000| Untracked 
| 102|0x000000072e600000, 0x000000072e600000, 0x000000072e800000|  0%| F|  |TAMS 0x000000072e600000| PB 0x000000072e600000| Untracked 
| 103|0x000000072e800000, 0x000000072e800000, 0x000000072ea00000|  0%| F|  |TAMS 0x000000072e800000| PB 0x000000072e800000| Untracked 
| 104|0x000000072ea00000, 0x000000072ea00000, 0x000000072ec00000|  0%| F|  |TAMS 0x000000072ea00000| PB 0x000000072ea00000| Untracked 
| 105|0x000000072ec00000, 0x000000072ec00000, 0x000000072ee00000|  0%| F|  |TAMS 0x000000072ec00000| PB 0x000000072ec00000| Untracked 
| 106|0x000000072ee00000, 0x000000072ee00000, 0x000000072f000000|  0%| F|  |TAMS 0x000000072ee00000| PB 0x000000072ee00000| Untracked 
| 107|0x000000072f000000, 0x000000072f000000, 0x000000072f200000|  0%| F|  |TAMS 0x000000072f000000| PB 0x000000072f000000| Untracked 
| 108|0x000000072f200000, 0x000000072f200000, 0x000000072f400000|  0%| F|  |TAMS 0x000000072f200000| PB 0x000000072f200000| Untracked 
| 109|0x000000072f400000, 0x000000072f600000, 0x000000072f600000|100%| E|  |TAMS 0x000000072f400000| PB 0x000000072f400000| Complete 
| 110|0x000000072f600000, 0x000000072f800000, 0x000000072f800000|100%| E|CS|TAMS 0x000000072f600000| PB 0x000000072f600000| Complete 
| 111|0x000000072f800000, 0x000000072fa00000, 0x000000072fa00000|100%| E|CS|TAMS 0x000000072f800000| PB 0x000000072f800000| Complete 

Card table byte_map: [0x0000023bfd3d0000,0x0000023bfdad0000] _byte_map_base: 0x0000023bf9ac3000

Marking Bits: (CMBitMap*) 0x0000023be535fbe0
 Bits: [0x0000023b80000000, 0x0000023b83798000)

Polling page: 0x0000023be3170000

Metaspace:

Usage:
  Non-class:      7.22 MB used.
      Class:      1.00 MB used.
       Both:      8.22 MB used.

Virtual space:
  Non-class space:       64.00 MB reserved,       7.38 MB ( 12%) committed,  1 nodes.
      Class space:        1.00 GB reserved,       1.12 MB ( <1%) committed,  1 nodes.
             Both:        1.06 GB reserved,       8.50 MB ( <1%) committed. 

Chunk freelists:
   Non-Class:  7.97 MB
       Class:  14.75 MB
        Both:  22.72 MB

MaxMetaspaceSize: unlimited
CompressedClassSpaceSize: 1.00 GB
Initial GC threshold: 21.00 MB
Current GC threshold: 21.00 MB
CDS: on
 - commit_granule_bytes: 65536.
 - commit_granule_words: 8192.
 - virtual_space_node_default_size: 8388608.
 - enlarge_chunks_in_place: 1.
 - use_allocation_guard: 0.


Internal statistics:

num_allocs_failed_limit: 0.
num_arena_births: 232.
num_arena_deaths: 0.
num_vsnodes_births: 2.
num_vsnodes_deaths: 0.
num_space_committed: 136.
num_space_uncommitted: 0.
num_chunks_returned_to_freelist: 0.
num_chunks_taken_from_freelist: 535.
num_chunk_merges: 0.
num_chunk_splits: 309.
num_chunks_enlarged: 169.
num_inconsistent_stats: 0.

CodeHeap 'non-profiled nmethods': size=120000Kb used=568Kb max_used=568Kb free=119431Kb
 bounds [0x0000023bf5250000, 0x0000023bf54c0000, 0x0000023bfc780000]
CodeHeap 'profiled nmethods': size=120000Kb used=2794Kb max_used=2794Kb free=117206Kb
 bounds [0x0000023bed780000, 0x0000023beda40000, 0x0000023bf4cb0000]
CodeHeap 'non-nmethods': size=5760Kb used=1463Kb max_used=1478Kb free=4296Kb
 bounds [0x0000023bf4cb0000, 0x0000023bf4f20000, 0x0000023bf5250000]
 total_blobs=2120 nmethods=1573 adapters=451
 compilation: enabled
              stopped_count=0, restarted_count=0
 full_count=0

Compilation events (20 events):
Event: 0.805 Thread 0x0000023b83fbb200 nmethod 1540 0x0000023beda24690 code [0x0000023beda24920, 0x0000023beda25588]
Event: 0.805 Thread 0x0000023b83fbb200 1543       3       org.springframework.boot.context.properties.source.DefaultPropertyMapper::map (53 bytes)
Event: 0.805 Thread 0x0000023b83fbb200 nmethod 1543 0x0000023beda25890 code [0x0000023beda25ac0, 0x0000023beda264b0]
Event: 0.806 Thread 0x0000023b83fbb200 1541       1       org.springframework.core.env.PropertySource$StubPropertySource::getProperty (2 bytes)
Event: 0.806 Thread 0x0000023b83fbb200 nmethod 1541 0x0000023bf52ddb10 code [0x0000023bf52ddca0, 0x0000023bf52ddd70]
Event: 0.809 Thread 0x0000023bc9511410 1545   !   4       jdk.internal.loader.URLClassPath$JarLoader::getResource (40 bytes)
Event: 0.812 Thread 0x0000023b83fbb200 1546       3       ch.qos.logback.core.subst.Tokenizer::handleLiteralState (141 bytes)
Event: 0.812 Thread 0x0000023b83fbb200 nmethod 1546 0x0000023beda26810 code [0x0000023beda26ac0, 0x0000023beda27428]
Event: 0.816 Thread 0x0000023b83fbb200 1547       3       ch.qos.logback.core.subst.Parser::peekAtCurentToken (35 bytes)
Event: 0.816 Thread 0x0000023b83fbb200 nmethod 1547 0x0000023beda27790 code [0x0000023beda27960, 0x0000023beda27d80]
Event: 0.816 Thread 0x0000023b83fbb200 1549       3       java.lang.ProcessEnvironment$NameComparator::compare (90 bytes)
Event: 0.817 Thread 0x0000023b83fbb200 nmethod 1549 0x0000023beda27e90 code [0x0000023beda281a0, 0x0000023beda29408]
Event: 0.817 Thread 0x0000023b83fbb200 1548       3       java.lang.ProcessEnvironment$NameComparator::compare (13 bytes)
Event: 0.817 Thread 0x0000023b83fbb200 nmethod 1548 0x0000023beda29c10 code [0x0000023beda29dc0, 0x0000023beda2a0e0]
Event: 0.817 Thread 0x0000023b83fbb200 1551       3       java.lang.invoke.BoundMethodHandle::editor (8 bytes)
Event: 0.817 Thread 0x0000023b83fbb200 nmethod 1551 0x0000023beda2a190 code [0x0000023beda2a360, 0x0000023beda2a708]
Event: 0.818 Thread 0x0000023b83fbb200 1552       3       java.util.Properties::getProperty (50 bytes)
Event: 0.818 Thread 0x0000023b83fbb200 nmethod 1552 0x0000023beda2a890 code [0x0000023beda2aa60, 0x0000023beda2af50]
Event: 0.818 Thread 0x0000023b83fbb200 1553       3       java.lang.invoke.DirectMethodHandle$Holder::invokeStatic (17 bytes)
Event: 0.818 Thread 0x0000023b83fbb200 nmethod 1553 0x0000023beda2b090 code [0x0000023beda2b260, 0x0000023beda2b770]

GC Heap History (2 events):
Event: 0.674 GC heap before
{Heap before GC invocations=0 (full 0):
 garbage-first heap   total 229376K, used 22528K [0x0000000721a00000, 0x0000000800000000)
  region size 2048K, 11 young (22528K), 0 survivors (0K)
 Metaspace       used 7074K, committed 7296K, reserved 1114112K
  class space    used 815K, committed 896K, reserved 1048576K
}
Event: 0.677 GC heap after
{Heap after GC invocations=1 (full 0):
 garbage-first heap   total 229376K, used 4368K [0x0000000721a00000, 0x0000000800000000)
  region size 2048K, 2 young (4096K), 2 survivors (4096K)
 Metaspace       used 7074K, committed 7296K, reserved 1114112K
  class space    used 815K, committed 896K, reserved 1048576K
}

Dll operation events (11 events):
Event: 0.007 Loaded shared library C:\Program Files\Java\jdk-21.0.4\bin\java.dll
Event: 0.033 Loaded shared library C:\Program Files\Java\jdk-21.0.4\bin\jsvml.dll
Event: 0.080 Loaded shared library C:\Program Files\Java\jdk-21.0.4\bin\zip.dll
Event: 0.082 Loaded shared library C:\Program Files\Java\jdk-21.0.4\bin\instrument.dll
Event: 0.087 Loaded shared library C:\Program Files\Java\jdk-21.0.4\bin\net.dll
Event: 0.089 Loaded shared library C:\Program Files\Java\jdk-21.0.4\bin\nio.dll
Event: 0.092 Loaded shared library C:\Program Files\Java\jdk-21.0.4\bin\zip.dll
Event: 0.147 Loaded shared library C:\Program Files\JetBrains\IntelliJ IDEA Community Edition 2023.1.2\bin\breakgen64.dll
Event: 0.157 Loaded shared library C:\Program Files\Java\jdk-21.0.4\bin\extnet.dll
Event: 0.166 Loaded shared library C:\Program Files\Java\jdk-21.0.4\bin\opencv_java490.dll
Event: 0.214 Loaded shared library C:\Program Files\Java\jdk-21.0.4\bin\jimage.dll

Deoptimization events (20 events):
Event: 0.704 Thread 0x0000023be5301180 Uncommon trap: trap_request=0xffffff45 fr.pc=0x0000023bf52b2230 relative=0x00000000000001f0
Event: 0.704 Thread 0x0000023be5301180 Uncommon trap: reason=unstable_if action=reinterpret pc=0x0000023bf52b2230 method=java.lang.String.startsWith(Ljava/lang/String;I)Z @ 1 c2
Event: 0.704 Thread 0x0000023be5301180 DEOPT PACKING pc=0x0000023bf52b2230 sp=0x00000048e56fe700
Event: 0.704 Thread 0x0000023be5301180 DEOPT UNPACKING pc=0x0000023bf4d046a2 sp=0x00000048e56fe690 mode 2
Event: 0.704 Thread 0x0000023be5301180 Uncommon trap: trap_request=0xffffff45 fr.pc=0x0000023bf528bb24 relative=0x0000000000000844
Event: 0.704 Thread 0x0000023be5301180 Uncommon trap: reason=unstable_if action=reinterpret pc=0x0000023bf528bb24 method=java.io.BufferedInputStream.implRead([BII)I @ 55 c2
Event: 0.704 Thread 0x0000023be5301180 DEOPT PACKING pc=0x0000023bf528bb24 sp=0x00000048e56fe220
Event: 0.704 Thread 0x0000023be5301180 DEOPT UNPACKING pc=0x0000023bf4d046a2 sp=0x00000048e56fe208 mode 2
Event: 0.713 Thread 0x0000023be5301180 Uncommon trap: trap_request=0xffffffc6 fr.pc=0x0000023bf52b53a0 relative=0x0000000000000340
Event: 0.713 Thread 0x0000023be5301180 Uncommon trap: reason=bimorphic_or_optimized_type_check action=maybe_recompile pc=0x0000023bf52b53a0 method=java.util.concurrent.ConcurrentHashMap.get(Ljava/lang/Object;)Ljava/lang/Object; @ 149 c2
Event: 0.713 Thread 0x0000023be5301180 DEOPT PACKING pc=0x0000023bf52b53a0 sp=0x00000048e56fce20
Event: 0.713 Thread 0x0000023be5301180 DEOPT UNPACKING pc=0x0000023bf4d046a2 sp=0x00000048e56fcd90 mode 2
Event: 0.800 Thread 0x0000023be5301180 Uncommon trap: trap_request=0xffffff54 fr.pc=0x0000023bf52a70dc relative=0x000000000000131c
Event: 0.800 Thread 0x0000023be5301180 Uncommon trap: reason=speculate_null_assert action=make_not_entrant pc=0x0000023bf52a70dc method=java.util.jar.JarFile.getVersionedEntry(Ljava/lang/String;Ljava/util/jar/JarEntry;)Ljava/util/jar/JarEntry; @ 115 c2
Event: 0.800 Thread 0x0000023be5301180 DEOPT PACKING pc=0x0000023bf52a70dc sp=0x00000048e56fda00
Event: 0.800 Thread 0x0000023be5301180 DEOPT UNPACKING pc=0x0000023bf4d046a2 sp=0x00000048e56fd8e8 mode 2
Event: 0.800 Thread 0x0000023be5301180 Uncommon trap: trap_request=0xffffff54 fr.pc=0x0000023bf52a010c relative=0x00000000000011ec
Event: 0.800 Thread 0x0000023be5301180 Uncommon trap: reason=speculate_null_assert action=make_not_entrant pc=0x0000023bf52a010c method=java.util.jar.JarFile.getVersionedEntry(Ljava/lang/String;Ljava/util/jar/JarEntry;)Ljava/util/jar/JarEntry; @ 115 c2
Event: 0.800 Thread 0x0000023be5301180 DEOPT PACKING pc=0x0000023bf52a010c sp=0x00000048e56fd1e0
Event: 0.800 Thread 0x0000023be5301180 DEOPT UNPACKING pc=0x0000023bf4d046a2 sp=0x00000048e56fd188 mode 2

Classes loaded (20 events):
Event: 0.800 Loading class java/util/concurrent/ScheduledExecutorService
Event: 0.800 Loading class java/util/concurrent/ScheduledExecutorService done
Event: 0.800 Loading class java/lang/ThreadBuilders$VirtualThreadBuilder
Event: 0.800 Loading class java/lang/Thread$Builder$OfVirtual
Event: 0.800 Loading class java/lang/Thread$Builder
Event: 0.800 Loading class java/lang/Thread$Builder done
Event: 0.800 Loading class java/lang/Thread$Builder$OfVirtual done
Event: 0.800 Loading class java/lang/ThreadBuilders$BaseThreadBuilder
Event: 0.800 Loading class java/lang/ThreadBuilders$BaseThreadBuilder done
Event: 0.800 Loading class java/lang/ThreadBuilders$VirtualThreadBuilder done
Event: 0.800 Loading class java/lang/ThreadBuilders
Event: 0.801 Loading class java/lang/ThreadBuilders done
Event: 0.801 Loading class java/lang/ThreadBuilders$VirtualThreadFactory
Event: 0.801 Loading class java/lang/ThreadBuilders$BaseThreadFactory
Event: 0.801 Loading class java/lang/ThreadBuilders$BaseThreadFactory done
Event: 0.801 Loading class java/lang/ThreadBuilders$VirtualThreadFactory done
Event: 0.814 Loading class java/util/Stack
Event: 0.814 Loading class java/util/Stack done
Event: 0.815 Loading class java/util/Vector$Itr
Event: 0.815 Loading class java/util/Vector$Itr done

Classes unloaded (0 events):
No events

Classes redefined (0 events):
No events

Internal exceptions (20 events):
Event: 0.646 Thread 0x0000023be5301180 Exception <a 'java/lang/NoSuchMethodError'{0x000000072e4bafd8}: 'void java.lang.invoke.DirectMethodHandle$Holder.invokeStaticInit(java.lang.Object, java.lang.Object)'> (0x000000072e4bafd8) 
thrown [s\open\src\hotspot\share\interpreter\linkResolver.cpp, line 773]
Event: 0.651 Thread 0x0000023be5301180 Exception <a 'java/lang/NoSuchMethodError'{0x000000072e4fae10}: 'int java.lang.invoke.DirectMethodHandle$Holder.invokeStatic(java.lang.Object, java.lang.Object, java.lang.Object, java.lang.Object)'> (0x000000072e4fae10) 
thrown [s\open\src\hotspot\share\interpreter\linkResolver.cpp, line 773]
Event: 0.651 Thread 0x0000023be5301180 Exception <a 'java/lang/NoSuchMethodError'{0x000000072e4fe490}: 'java.lang.Object java.lang.invoke.Invokers$Holder.invokeExact_MT(java.lang.Object, java.lang.Object, java.lang.Object, java.lang.Object, java.lang.Object, java.lang.Object)'> (0x000000072e4fe490) 
thrown [s\open\src\hotspot\share\interpreter\linkResolver.cpp, line 773]
Event: 0.661 Thread 0x0000023be5301180 Exception <a 'java/lang/NoSuchMethodError'{0x000000072e564e90}: 'java.lang.Object java.lang.invoke.DirectMethodHandle$Holder.invokeSpecial(java.lang.Object, java.lang.Object, java.lang.Object, java.lang.Object, java.lang.Object, java.lang.Object, int)'> (0x000000072e564e90) 
thrown [s\open\src\hotspot\share\interpreter\linkResolver.cpp, line 773]
Event: 0.661 Thread 0x0000023be5301180 Exception <a 'java/lang/NoSuchMethodError'{0x000000072e56e398}: 'java.lang.Object java.lang.invoke.DirectMethodHandle$Holder.newInvokeSpecial(java.lang.Object, java.lang.Object, java.lang.Object, java.lang.Object, java.lang.Object, java.lang.Object, int)'> (0x000000072e56e398) 
thrown [s\open\src\hotspot\share\interpreter\linkResolver.cpp, line 773]
Event: 0.662 Thread 0x0000023be5301180 Exception <a 'java/lang/NoSuchMethodError'{0x000000072e572948}: 'java.lang.Object java.lang.invoke.DirectMethodHandle$Holder.invokeSpecial(java.lang.Object, java.lang.Object, java.lang.Object, java.lang.Object, java.lang.Object, java.lang.Object, java.lang.Object, int)'> (0x000000072e572948) 
thrown [s\open\src\hotspot\share\interpreter\linkResolver.cpp, line 773]
Event: 0.691 Thread 0x0000023be5301180 Exception <a 'java/lang/NoSuchMethodError'{0x000000072f8e7160}: 'int java.lang.invoke.DirectMethodHandle$Holder.invokeInterface(java.lang.Object, java.lang.Object)'> (0x000000072f8e7160) 
thrown [s\open\src\hotspot\share\interpreter\linkResolver.cpp, line 773]
Event: 0.695 Thread 0x0000023be5301180 Exception <a 'java/lang/NoSuchMethodError'{0x000000072f907c88}: 'void java.lang.invoke.DirectMethodHandle$Holder.invokeSpecial(java.lang.Object, java.lang.Object, java.lang.Object, java.lang.Object, java.lang.Object)'> (0x000000072f907c88) 
thrown [s\open\src\hotspot\share\interpreter\linkResolver.cpp, line 773]
Event: 0.721 Thread 0x0000023be5301180 Exception <a 'java/lang/NoSuchMethodError'{0x000000072f9fea00}: 'java.lang.Object java.lang.invoke.DirectMethodHandle$Holder.invokeSpecial(java.lang.Object, java.lang.Object, java.lang.Object, int, java.lang.Object)'> (0x000000072f9fea00) 
thrown [s\open\src\hotspot\share\interpreter\linkResolver.cpp, line 773]
Event: 0.722 Thread 0x0000023be5301180 Exception <a 'java/lang/NoSuchMethodError'{0x000000072f606a70}: 'java.lang.Object java.lang.invoke.DirectMethodHandle$Holder.newInvokeSpecial(java.lang.Object, java.lang.Object, java.lang.Object, int, java.lang.Object)'> (0x000000072f606a70) 
thrown [s\open\src\hotspot\share\interpreter\linkResolver.cpp, line 773]
Event: 0.722 Thread 0x0000023be5301180 Exception <a 'java/lang/NoSuchMethodError'{0x000000072f60df28}: 'java.lang.Object java.lang.invoke.Invokers$Holder.linkToTargetMethod(java.lang.Object, java.lang.Object, int, java.lang.Object, java.lang.Object)'> (0x000000072f60df28) 
thrown [s\open\src\hotspot\share\interpreter\linkResolver.cpp, line 773]
Event: 0.723 Thread 0x0000023be5301180 Exception <a 'java/lang/NoSuchMethodError'{0x000000072f61b648}: 'java.lang.Object java.lang.invoke.DirectMethodHandle$Holder.newInvokeSpecial(java.lang.Object, int, java.lang.Object)'> (0x000000072f61b648) 
thrown [s\open\src\hotspot\share\interpreter\linkResolver.cpp, line 773]
Event: 0.724 Thread 0x0000023be5301180 Exception <a 'java/lang/NoSuchMethodError'{0x000000072f620080}: 'int java.lang.invoke.DirectMethodHandle$Holder.invokeSpecialIFC(java.lang.Object, java.lang.Object, java.lang.Object, java.lang.Object)'> (0x000000072f620080) 
thrown [s\open\src\hotspot\share\interpreter\linkResolver.cpp, line 773]
Event: 0.752 Thread 0x0000023be5301180 Exception <a 'java/lang/NoSuchMethodError'{0x000000072f6f1ea0}: 'void java.lang.invoke.DirectMethodHandle$Holder.invokeInterface(java.lang.Object, java.lang.Object, java.lang.Object)'> (0x000000072f6f1ea0) 
thrown [s\open\src\hotspot\share\interpreter\linkResolver.cpp, line 773]
Event: 0.778 Thread 0x0000023be5301180 Exception <a 'java/lang/NoSuchMethodError'{0x000000072f76b810}: 'void java.lang.invoke.DirectMethodHandle$Holder.invokeStaticInit(java.lang.Object, java.lang.Object, java.lang.Object)'> (0x000000072f76b810) 
thrown [s\open\src\hotspot\share\interpreter\linkResolver.cpp, line 773]
Event: 0.781 Thread 0x0000023be5301180 Exception <a 'java/lang/NoSuchMethodError'{0x000000072f784f28}: 'java.lang.Object java.lang.invoke.DirectMethodHandle$Holder.invokeVirtual(java.lang.Object, java.lang.Object, java.lang.Object)'> (0x000000072f784f28) 
thrown [s\open\src\hotspot\share\interpreter\linkResolver.cpp, line 773]
Event: 0.784 Thread 0x0000023be5301180 Exception <a 'java/lang/NoSuchMethodError'{0x000000072f7a7770}: 'java.lang.Object java.lang.invoke.DirectMethodHandle$Holder.invokeStatic(java.lang.Object, long, java.lang.Object)'> (0x000000072f7a7770) 
thrown [s\open\src\hotspot\share\interpreter\linkResolver.cpp, line 773]
Event: 0.784 Thread 0x0000023be5301180 Exception <a 'java/lang/NoSuchMethodError'{0x000000072f7aadc8}: 'java.lang.Object java.lang.invoke.DirectMethodHandle$Holder.invokeStaticInit(java.lang.Object, long, java.lang.Object)'> (0x000000072f7aadc8) 
thrown [s\open\src\hotspot\share\interpreter\linkResolver.cpp, line 773]
Event: 0.784 Thread 0x0000023be5301180 Exception <a 'java/lang/NoSuchMethodError'{0x000000072f7b0568}: 'java.lang.Object java.lang.invoke.DirectMethodHandle$Holder.newInvokeSpecial(java.lang.Object, long)'> (0x000000072f7b0568) 
thrown [s\open\src\hotspot\share\interpreter\linkResolver.cpp, line 773]
Event: 0.802 Thread 0x0000023be5301180 Exception <a 'java/lang/NoSuchMethodError'{0x000000072f402990}: 'void java.lang.invoke.DirectMethodHandle$Holder.invokeVirtual(java.lang.Object, java.lang.Object, java.lang.Object, java.lang.Object)'> (0x000000072f402990) 
thrown [s\open\src\hotspot\share\interpreter\linkResolver.cpp, line 773]

ZGC Phase Switch (0 events):
No events

VM Operations (18 events):
Event: 0.070 Executing VM operation: HandshakeAllThreads (Deoptimize)
Event: 0.070 Executing VM operation: HandshakeAllThreads (Deoptimize) done
Event: 0.154 Executing VM operation: HandshakeAllThreads (Deoptimize)
Event: 0.154 Executing VM operation: HandshakeAllThreads (Deoptimize) done
Event: 0.218 Executing VM operation: HandshakeAllThreads (Deoptimize)
Event: 0.218 Executing VM operation: HandshakeAllThreads (Deoptimize) done
Event: 0.432 Executing VM operation: HandshakeAllThreads (Deoptimize)
Event: 0.432 Executing VM operation: HandshakeAllThreads (Deoptimize) done
Event: 0.432 Executing VM operation: HandshakeAllThreads (Deoptimize)
Event: 0.432 Executing VM operation: HandshakeAllThreads (Deoptimize) done
Event: 0.526 Executing VM operation: HandshakeAllThreads (Deoptimize)
Event: 0.526 Executing VM operation: HandshakeAllThreads (Deoptimize) done
Event: 0.642 Executing VM operation: ICBufferFull
Event: 0.642 Executing VM operation: ICBufferFull done
Event: 0.674 Executing VM operation: G1CollectForAllocation (G1 Evacuation Pause)
Event: 0.677 Executing VM operation: G1CollectForAllocation (G1 Evacuation Pause) done
Event: 0.702 Executing VM operation: HandshakeAllThreads (Deoptimize)
Event: 0.702 Executing VM operation: HandshakeAllThreads (Deoptimize) done

Events (13 events):
Event: 0.019 Thread 0x0000023be5301180 Thread added: 0x0000023be5301180
Event: 0.030 Thread 0x0000023b83fa4d60 Thread added: 0x0000023b83fa4d60
Event: 0.030 Thread 0x0000023b83fa5c30 Thread added: 0x0000023b83fa5c30
Event: 0.031 Thread 0x0000023b83fa79b0 Thread added: 0x0000023b83fa79b0
Event: 0.031 Thread 0x0000023b83fa8690 Thread added: 0x0000023b83fa8690
Event: 0.031 Thread 0x0000023b83fa9450 Thread added: 0x0000023b83fa9450
Event: 0.031 Thread 0x0000023b83fb3ae0 Thread added: 0x0000023b83fb3ae0
Event: 0.031 Thread 0x0000023b83fb8b40 Thread added: 0x0000023b83fb8b40
Event: 0.031 Thread 0x0000023b83fbb200 Thread added: 0x0000023b83fbb200
Event: 0.064 Thread 0x0000023b83f73fc0 Thread added: 0x0000023b83f73fc0
Event: 0.125 Thread 0x0000023bc9511410 Thread added: 0x0000023bc9511410
Event: 0.148 Thread 0x0000023bc93349b0 Thread added: 0x0000023bc93349b0
Event: 0.148 Thread 0x0000023bc95889c0 Thread added: 0x0000023bc95889c0


Dynamic libraries:
0x00007ff75e6f0000 - 0x00007ff75e700000 	C:\Program Files\Java\jdk-21.0.4\bin\java.exe
0x00007ffa13a90000 - 0x00007ffa13c88000 	C:\Windows\SYSTEM32\ntdll.dll
0x00007ffa13670000 - 0x00007ffa13731000 	C:\Windows\System32\KERNEL32.DLL
0x00007ffa114c0000 - 0x00007ffa117bd000 	C:\Windows\System32\KERNELBASE.dll
0x00007ffa112a0000 - 0x00007ffa113a0000 	C:\Windows\System32\ucrtbase.dll
0x00007ff9f91b0000 - 0x00007ff9f91c9000 	C:\Program Files\Java\jdk-21.0.4\bin\jli.dll
0x00007ff9f7910000 - 0x00007ff9f792b000 	C:\Program Files\Java\jdk-21.0.4\bin\VCRUNTIME140.dll
0x00007ffa135c0000 - 0x00007ffa13670000 	C:\Windows\System32\ADVAPI32.dll
0x00007ffa12550000 - 0x00007ffa125ee000 	C:\Windows\System32\msvcrt.dll
0x00007ffa11f60000 - 0x00007ffa12000000 	C:\Windows\System32\sechost.dll
0x00007ffa13230000 - 0x00007ffa13353000 	C:\Windows\System32\RPCRT4.dll
0x00007ffa118f0000 - 0x00007ffa11917000 	C:\Windows\System32\bcrypt.dll
0x00007ffa13880000 - 0x00007ffa13a1d000 	C:\Windows\System32\USER32.dll
0x00007ffa11a90000 - 0x00007ffa11ab2000 	C:\Windows\System32\win32u.dll
0x00007ff9fc9b0000 - 0x00007ff9fcc4a000 	C:\Windows\WinSxS\amd64_microsoft.windows.common-controls_6595b64144ccf1df_6.0.19041.4355_none_60b8b9eb71f62e16\COMCTL32.dll
0x00007ffa13a20000 - 0x00007ffa13a4b000 	C:\Windows\System32\GDI32.dll
0x00007ffa113a0000 - 0x00007ffa114b7000 	C:\Windows\System32\gdi32full.dll
0x00007ffa117c0000 - 0x00007ffa1185d000 	C:\Windows\System32\msvcp_win.dll
0x00007ffa093e0000 - 0x00007ffa093ea000 	C:\Windows\SYSTEM32\VERSION.dll
0x00007ffa126c0000 - 0x00007ffa126ef000 	C:\Windows\System32\IMM32.DLL
0x00007ff9fb7d0000 - 0x00007ff9fb7dc000 	C:\Program Files\Java\jdk-21.0.4\bin\vcruntime140_1.dll
0x00007ff9f2fe0000 - 0x00007ff9f306e000 	C:\Program Files\Java\jdk-21.0.4\bin\msvcp140.dll
0x00007ff9a5e30000 - 0x00007ff9a6b43000 	C:\Program Files\Java\jdk-21.0.4\bin\server\jvm.dll
0x00007ffa129d0000 - 0x00007ffa12a3b000 	C:\Windows\System32\WS2_32.dll
0x00007ffa10b90000 - 0x00007ffa10bdb000 	C:\Windows\SYSTEM32\POWRPROF.dll
0x00007ffa06df0000 - 0x00007ffa06e17000 	C:\Windows\SYSTEM32\WINMM.dll
0x00007ffa10b30000 - 0x00007ffa10b42000 	C:\Windows\SYSTEM32\UMPDC.dll
0x00007ffa0efa0000 - 0x00007ffa0efb2000 	C:\Windows\SYSTEM32\kernel.appcore.dll
0x00007ff9f9f70000 - 0x00007ff9f9f7a000 	C:\Program Files\Java\jdk-21.0.4\bin\jimage.dll
0x00007ffa099f0000 - 0x00007ffa09bd4000 	C:\Windows\SYSTEM32\DBGHELP.DLL
0x00007ff9fd5b0000 - 0x00007ff9fd5e4000 	C:\Windows\SYSTEM32\dbgcore.DLL
0x00007ffa11860000 - 0x00007ffa118e2000 	C:\Windows\System32\bcryptPrimitives.dll
0x00007ffa0d890000 - 0x00007ffa0d89f000 	C:\Program Files\Java\jdk-21.0.4\bin\instrument.dll
0x00007ff9f3e80000 - 0x00007ff9f3e9f000 	C:\Program Files\Java\jdk-21.0.4\bin\java.dll
0x00007ffa12ab0000 - 0x00007ffa1321f000 	C:\Windows\System32\SHELL32.dll
0x00007ffa0f1a0000 - 0x00007ffa0f943000 	C:\Windows\SYSTEM32\windows.storage.dll
0x00007ffa11ac0000 - 0x00007ffa11e13000 	C:\Windows\System32\combase.dll
0x00007ffa109c0000 - 0x00007ffa109ee000 	C:\Windows\SYSTEM32\Wldp.dll
0x00007ffa12000000 - 0x00007ffa120cd000 	C:\Windows\System32\OLEAUT32.dll
0x00007ffa12610000 - 0x00007ffa126bd000 	C:\Windows\System32\SHCORE.dll
0x00007ffa12a40000 - 0x00007ffa12a95000 	C:\Windows\System32\shlwapi.dll
0x00007ffa11070000 - 0x00007ffa11094000 	C:\Windows\SYSTEM32\profapi.dll
0x00007ff9e5800000 - 0x00007ff9e58d7000 	C:\Program Files\Java\jdk-21.0.4\bin\jsvml.dll
0x00007ff9f3e30000 - 0x00007ff9f3e48000 	C:\Program Files\Java\jdk-21.0.4\bin\zip.dll
0x00007ff9f3e70000 - 0x00007ff9f3e80000 	C:\Program Files\Java\jdk-21.0.4\bin\net.dll
0x00007ffa0a580000 - 0x00007ffa0a68d000 	C:\Windows\SYSTEM32\WINHTTP.dll
0x00007ffa107a0000 - 0x00007ffa1080a000 	C:\Windows\system32\mswsock.dll
0x00007ff9f3e50000 - 0x00007ff9f3e66000 	C:\Program Files\Java\jdk-21.0.4\bin\nio.dll
0x00007ffa0d850000 - 0x00007ffa0d86a000 	C:\Program Files\JetBrains\IntelliJ IDEA Community Edition 2023.1.2\bin\breakgen64.dll
0x00007ff9f3320000 - 0x00007ff9f3329000 	C:\Program Files\Java\jdk-21.0.4\bin\extnet.dll
0x00007ff9742f0000 - 0x00007ff9775a8000 	C:\Program Files\Java\jdk-21.0.4\bin\opencv_java490.dll
0x00007ffa126f0000 - 0x00007ffa1281b000 	C:\Windows\System32\ole32.dll
0x00007ff9ec9e0000 - 0x00007ff9ecb9c000 	C:\Windows\SYSTEM32\MFPlat.DLL
0x00007ff9e2c70000 - 0x00007ff9e2d7a000 	C:\Windows\SYSTEM32\MFReadWrite.dll
0x00007ff9e9200000 - 0x00007ff9e9285000 	C:\Windows\SYSTEM32\MF.dll
0x00007ffa0f990000 - 0x00007ffa0fa86000 	C:\Windows\SYSTEM32\dxgi.dll
0x00007ffa11920000 - 0x00007ffa1196e000 	C:\Windows\System32\cfgmgr32.dll
0x00007ffa0c6f0000 - 0x00007ffa0c953000 	C:\Windows\SYSTEM32\d3d11.dll
0x00007ff9dc210000 - 0x00007ff9dc69e000 	C:\Windows\SYSTEM32\MFCORE.DLL
0x00007ffa11140000 - 0x00007ffa1129c000 	C:\Windows\System32\CRYPT32.dll
0x00007ffa03f20000 - 0x00007ffa03f29000 	C:\Windows\SYSTEM32\ksuser.dll
0x00007ffa10930000 - 0x00007ffa1093c000 	C:\Windows\SYSTEM32\CRYPTBASE.DLL
0x00007ff9eefc0000 - 0x00007ff9eeff4000 	C:\Windows\SYSTEM32\RTWorkQ.DLL

dbghelp: loaded successfully - version: 4.0.5 - missing functions: none
symbol engine: initialized successfully - sym options: 0x614 - pdb path: .;C:\Program Files\Java\jdk-21.0.4\bin;C:\Windows\SYSTEM32;C:\Windows\WinSxS\amd64_microsoft.windows.common-controls_6595b64144ccf1df_6.0.19041.4355_none_60b8b9eb71f62e16;C:\Program Files\Java\jdk-21.0.4\bin\server;C:\Program Files\JetBrains\IntelliJ IDEA Community Edition 2023.1.2\bin

VM Arguments:
jvm_args: -javaagent:C:\Program Files\JetBrains\IntelliJ IDEA Community Edition 2023.1.2\lib\idea_rt.jar=60492:C:\Program Files\JetBrains\IntelliJ IDEA Community Edition 2023.1.2\bin -Dfile.encoding=UTF-8 -Dsun.stdout.encoding=UTF-8 -Dsun.stderr.encoding=UTF-8 
java_command: com.controlu.facial.ReconhecimentoFacialApplication
java_class_path (initial): C:\Users\Rafa Oliveira\Documents\GitHub\fatec\testes\target\classes;C:\Users\Rafa Oliveira\.m2\repository\org\springframework\boot\spring-boot-starter-web\3.3.4\spring-boot-starter-web-3.3.4.jar;C:\Users\Rafa Oliveira\.m2\repository\org\springframework\boot\spring-boot-starter\3.3.4\spring-boot-starter-3.3.4.jar;C:\Users\Rafa Oliveira\.m2\repository\org\springframework\boot\spring-boot\3.3.4\spring-boot-3.3.4.jar;C:\Users\Rafa Oliveira\.m2\repository\org\springframework\boot\spring-boot-autoconfigure\3.3.4\spring-boot-autoconfigure-3.3.4.jar;C:\Users\Rafa Oliveira\.m2\repository\org\springframework\boot\spring-boot-starter-logging\3.3.4\spring-boot-starter-logging-3.3.4.jar;C:\Users\Rafa Oliveira\.m2\repository\ch\qos\logback\logback-classic\1.5.8\logback-classic-1.5.8.jar;C:\Users\Rafa Oliveira\.m2\repository\ch\qos\logback\logback-core\1.5.8\logback-core-1.5.8.jar;C:\Users\Rafa Oliveira\.m2\repository\org\apache\logging\log4j\log4j-to-slf4j\2.23.1\log4j-to-slf4j-2.23.1.jar;C:\Users\Rafa Oliveira\.m2\repository\org\apache\logging\log4j\log4j-api\2.23.1\log4j-api-2.23.1.jar;C:\Users\Rafa Oliveira\.m2\repository\org\slf4j\jul-to-slf4j\2.0.16\jul-to-slf4j-2.0.16.jar;C:\Users\Rafa Oliveira\.m2\repository\jakarta\annotation\jakarta.annotation-api\2.1.1\jakarta.annotation-api-2.1.1.jar;C:\Users\Rafa Oliveira\.m2\repository\org\yaml\snakeyaml\2.2\snakeyaml-2.2.jar;C:\Users\Rafa Oliveira\.m2\repository\org\springframework\boot\spring-boot-starter-json\3.3.4\spring-boot-starter-json-3.3.4.jar;C:\Users\Rafa Oliveira\.m2\repository\com\fasterxml\jackson\core\jackson-databind\2.17.2\jackson-databind-2.17.2.jar;C:\Users\Rafa Oliveira\.m2\repository\com\fasterxml\jackson\core\jackson-annotations\2.17.2\jackson-annotations-2.17.2.jar;C:\Users\Rafa Oliveira\.m2\repository\com\fasterxml\jackson\core\jackson-core\2.17.2\jackson-core-2.17.2.jar;C:\Users\Rafa Oliveira\.m2\repository\com\fasterxml\jackson\datatype\jackson-datatype-jdk8\2.17.2\jackson-datatype-jdk8-2.17.2.jar;C:\Users\Rafa Oliveira\.m2\repository\com\fasterxml\jackson\datatype\jackson-datatype-jsr310\2.17.2\jackson-datatype-jsr310-2.17.2.jar;C:\Users\Rafa Oliveira\.m2\repository\com\fasterxml\jackson\module\jackson-module-parameter-names\2.17.2\jackson-module-parameter-names-2.17.2.jar;C:\Users\Rafa Oliveira\.m2\repository\org\springframework\boot\spring-boot-starter-tomcat\3.3.4\spring-boot-starter-tomcat-3.3.4.jar;C:\Users\Rafa Oliveira\.m2\repository\org\apache\tomcat\embed\tomcat-embed-core\10.1.30\tomcat-embed-core-10.1.30.jar;C:\Users\Rafa Oliveira\.m2\repository\org\apache\tomcat\embed\tomcat-embed-el\10.1.30\tomcat-embed-el-10.1.30.jar;C:\Users\Rafa Oliveira\.m2\repository\org\apache\tomcat\embed\tomcat-embed-websocket\10.1.30\tomcat-embed-websocket-10.1.30.jar;C:\Users\Rafa Oliveira\.m2\repository\org\springframework\spring-web\6.1.13\spring-web-6.1.13.jar;C:\Users\Rafa Oliveira\.m2\repository\org\springframework\spring-beans\6.1.13\spring-beans-6.1.13.jar;C:\Users\Rafa Oliveira\.m2\repository\io\micrometer\micrometer-observation\1.13.4\micrometer-observation-1.13.4.jar;C:\Users\Rafa Oliveira\.m2\repository\io\micrometer\micrometer-commons\1.13.4\micrometer-commons-1.13.4.jar;C:\Users\Rafa Oliveira\.m2\repository\org\springframework\spring-webmvc\6.1.13\spring-webmvc-6.1.13.jar;C:\Users\Rafa Oliveira\.m2\repository\org\springframework\spring-aop\6.1.13\spring-aop-6.1.13.jar;C:\Users\Rafa Oliveira\.m2\repository\org\springframework\spring-context\6.1.13\spring-context-6.1.13.jar;C:\Users\Rafa Oliveira\.m2\repository\org\springframework\spring-expression\6.1.13\spring-expression-6.1.13.jar;C:\Users\Rafa Oliveira\.m2\repository\org\slf4j\slf4j-api\2.0.16\slf4j-api-2.0.16.jar;C:\Users\Rafa Oliveira\.m2\repository\org\springframework\spring-core\6.1.13\spring-core-6.1.13.jar;C:\Users\Rafa Oliveira\.m2\repository\org\springframework\spring-jcl\6.1.13\spring-jcl-6.1.13.jar;C:\Users\Rafa Oliveira\.m2\repository\org\openpnp\opencv\4.9.0-0\opencv-4.9.0-0.jar
Launcher Type: SUN_STANDARD

[Global flags]
     intx CICompilerCount                          = 4                                         {product} {ergonomic}
     uint ConcGCThreads                            = 3                                         {product} {ergonomic}
     uint G1ConcRefinementThreads                  = 10                                        {product} {ergonomic}
   size_t G1HeapRegionSize                         = 2097152                                   {product} {ergonomic}
    uintx GCDrainStackTargetSize                   = 64                                        {product} {ergonomic}
   size_t InitialHeapSize                          = 234881024                                 {product} {ergonomic}
   size_t MarkStackSize                            = 4194304                                   {product} {ergonomic}
   size_t MaxHeapSize                              = 3730833408                                {product} {ergonomic}
   size_t MaxNewSize                               = 2237661184                                {product} {ergonomic}
   size_t MinHeapDeltaBytes                        = 2097152                                   {product} {ergonomic}
   size_t MinHeapSize                              = 8388608                                   {product} {ergonomic}
    uintx NonNMethodCodeHeapSize                   = 5839372                                {pd product} {ergonomic}
    uintx NonProfiledCodeHeapSize                  = 122909434                              {pd product} {ergonomic}
    uintx ProfiledCodeHeapSize                     = 122909434                              {pd product} {ergonomic}
    uintx ReservedCodeCacheSize                    = 251658240                              {pd product} {ergonomic}
     bool SegmentedCodeCache                       = true                                      {product} {ergonomic}
   size_t SoftMaxHeapSize                          = 3730833408                             {manageable} {ergonomic}
     bool UseCompressedOops                        = true                           {product lp64_product} {ergonomic}
     bool UseG1GC                                  = true                                      {product} {ergonomic}
     bool UseLargePagesIndividualAllocation        = false                                  {pd product} {ergonomic}

Logging:
Log output configuration:
 #0: stdout all=warning uptime,level,tags foldmultilines=false
 #1: stderr all=off uptime,level,tags foldmultilines=false

Environment Variables:
JAVA_HOME=C:\Program Files\Java\jdk-21.0.4
PATH=C:\Program Files\Common Files\Oracle\Java\javapath;C:\Program Files\Microsoft MPI\Bin\;C:\Windows\system32;C:\Windows;C:\Windows\System32\Wbem;C:\Windows\System32\WindowsPowerShell\v1.0\;C:\Windows\System32\OpenSSH\;C:\Program Files\Git\cmd;C:\Program Files\nodejs\;C:\Program Files (x86)\Microsoft SQL Server\160\DTS\Binn\;C:\Program Files\Azure Data Studio\bin;C:\Program Files (x86)\Microsoft SQL Server\160\Tools\Binn\;C:\Program Files\Microsoft SQL Server\160\Tools\Binn\;C:\Program Files\Microsoft SQL Server\Client SDK\ODBC\170\Tools\Binn\;C:\Program Files\Microsoft SQL Server\160\DTS\Binn\;C:\Program Files\Maven\bin;C:\Program Files\Docker\Docker\resources\bin;C:\Program Files\Java\jdk-21.0.4\bin;C:\Program Files\MySQL\MySQL Shell 8.0\bin\;C:\Users\Rafa Oliveira\AppData\Local\Microsoft\WindowsApps;C:\Users\Rafa Oliveira\AppData\Local\Programs\Microsoft VS Code\bin;C:\Users\Rafa Oliveira\AppData\Local\GitHubDesktop\bin;C:\Users\Rafa Oliveira\AppData\Roaming\npm;C:\Program Files\Azure Data Studio\bin;C:\Program Files\JetBrains\IntelliJ IDEA 2023.1\bin;;C:\Program Files\JetBrains\IntelliJ IDEA Community Edition 2023.1.2\bin;
USERNAME=Rafa Oliveira
OS=Windows_NT
PROCESSOR_IDENTIFIER=AMD64 Family 23 Model 96 Stepping 1, AuthenticAMD
TMP=C:\Users\RAFAOL~1\AppData\Local\Temp
TEMP=C:\Users\RAFAOL~1\AppData\Local\Temp




Periodic native trim disabled

---------------  S Y S T E M  ---------------

OS:
 Windows 10 , 64 bit Build 19041 (10.0.19041.4842)
OS uptime: 0 days 20:51 hours
Hyper-V role detected

CPU: total 12 (initial active 12) (12 cores per cpu, 2 threads per core) family 23 model 96 stepping 1 microcode 0x0, cx8, cmov, fxsr, ht, mmx, 3dnowpref, sse, sse2, sse3, ssse3, sse4a, sse4.1, sse4.2, popcnt, lzcnt, tsc, tscinvbit, avx, avx2, aes, clmul, bmi1, bmi2, adx, sha, fma, vzeroupper, clflush, clflushopt, hv, rdtscp, rdpid, f16c
Processor Information for all 12 processors :
  Max Mhz: 3701, Current Mhz: 3701, Mhz Limit: 3701

Memory: 4k page, system-wide physical 14225M (4045M free)
TotalPageFile size 16273M (AvailPageFile size 315M)
current process WorkingSet (physical memory assigned to process): 95M, peak: 95M
current process commit charge ("private bytes"): 340M, peak: 340M

vm_info: Java HotSpot(TM) 64-Bit Server VM (21.0.4+8-LTS-274) for windows-amd64 JRE (21.0.4+8-LTS-274), built on 2024-06-05T05:23:33Z by "mach5one" with MS VC++ 17.6 (VS2022)

END.
